2017-09-05T23:18:50.276Z uuid:Insight-1_0-231619K1200E30,WeMo 2,8,0,{"ONSince":"1504647186","OnFor":"19","TodayONTime":"430","TodayConsumed":"2034672"}
2017-09-05T23:18:50.672Z uuid:Insight-1_0-231619K1200D5B,WeMo 1,8,0,{"ONSince":"1504652738","OnFor":"122","TodayONTime":"2538","TodayConsumed":"29057775"}
2017-09-05T23:18:51.730Z uuid:Insight-1_0-231619K1200D9A,WeMo 4,1,2725,{"ONSince":"1504649284","OnFor":"4247","TodayONTime":"52544","TodayConsumed":"93379216"}
2017-09-05T23:18:51.732Z uuid:Insight-1_0-231619K1200E30,WeMo 2,8,0,{"ONSince":"1504647186","OnFor":"19","TodayONTime":"430","TodayConsumed":"2034672"}
2017-09-05T23:18:51.955Z uuid:Insight-1_0-231619K1200D9F,WeMo 3,8,4020,{"ONSince":"1504653443","OnFor":"39","TodayONTime":"6880","TodayConsumed":"30490208"}
2017-09-05T23:18:52.170Z uuid:Insight-1_0-231619K1200D5B,WeMo 1,8,0,{"ONSince":"1504652738","OnFor":"122","TodayONTime":"2538","TodayConsumed":"29057775"}
2017-09-05T23:18:53.240Z uuid:Insight-1_0-231619K1200D9A,WeMo 4,1,2735,{"ONSince":"1504649284","OnFor":"4248","TodayONTime":"52545","TodayConsumed":"93379216"}
2017-09-05T23:18:53.488Z uuid:Insight-1_0-231619K1200D9F,WeMo 3,8,4010,{"ONSince":"1504653443","OnFor":"39","TodayONTime":"6880","TodayConsumed":"30490208"}
2017-09-05T23:18:54.235Z uuid:Insight-1_0-231619K1200E30,WeMo 2,8,0,{"ONSince":"1504647186","OnFor":"19","TodayONTime":"430","TodayConsumed":"2034672"}
2017-09-05T23:18:54.781Z uuid:Insight-1_0-231619K1200D5B,WeMo 1,8,0,{"ONSince":"1504652738","OnFor":"122","TodayONTime":"2538","TodayConsumed":"29057775"}
2017-09-05T23:18:55.700Z uuid:Insight-1_0-231619K1200D9A,WeMo 4,1,2725,{"ONSince":"1504649284","OnFor":"4251","TodayONTime":"52548","TodayConsumed":"93379216"}
2017-09-05T23:18:55.727Z uuid:Insight-1_0-231619K1200E30,WeMo 2,8,0,{"ONSince":"1504647186","OnFor":"19","TodayONTime":"430","TodayConsumed":"2034672"}
2017-09-05T23:18:55.994Z uuid:Insight-1_0-231619K1200D9F,WeMo 3,8,4020,{"ONSince":"1504653443","OnFor":"39","TodayONTime":"6880","TodayConsumed":"30490208"}
2017-09-05T23:18:56.208Z uuid:Insight-1_0-231619K1200D5B,WeMo 1,8,0,{"ONSince":"1504652738","OnFor":"122","TodayONTime":"2538","TodayConsumed":"29057775"}
2017-09-05T23:18:57.187Z uuid:Insight-1_0-231619K1200D9A,WeMo 4,1,2735,{"ONSince":"1504649284","OnFor":"4252","TodayONTime":"52549","TodayConsumed":"93379216"}
2017-09-05T23:18:57.487Z uuid:Insight-1_0-231619K1200D9F,WeMo 3,8,4010,{"ONSince":"1504653443","OnFor":"39","TodayONTime":"6880","TodayConsumed":"30490208"}
2017-09-05T23:18:58.768Z uuid:Insight-1_0-231619K1200D5B,WeMo 1,8,0,{"ONSince":"1504652738","OnFor":"122","TodayONTime":"2538","TodayConsumed":"29057775"}
2017-09-05T23:18:59.263Z uuid:Insight-1_0-231619K1200E30,WeMo 2,8,0,{"ONSince":"1504647186","OnFor":"19","TodayONTime":"430","TodayConsumed":"2034672"}
2017-09-05T23:18:59.792Z uuid:Insight-1_0-231619K1200D9A,WeMo 4,1,2745,{"ONSince":"1504649284","OnFor":"4255","TodayONTime":"52552","TodayConsumed":"93379216"}
2017-09-05T23:19:00.018Z uuid:Insight-1_0-231619K1200D9F,WeMo 3,8,4030,{"ONSince":"1504653443","OnFor":"39","TodayONTime":"6880","TodayConsumed":"30490208"}
2017-09-05T23:19:00.215Z uuid:Insight-1_0-231619K1200D5B,WeMo 1,8,0,{"ONSince":"1504652738","OnFor":"122","TodayONTime":"2538","TodayConsumed":"29057775"}
2017-09-05T23:19:00.841Z uuid:Insight-1_0-231619K1200E30,WeMo 2,8,0,{"ONSince":"1504647186","OnFor":"19","TodayONTime":"430","TodayConsumed":"2034672"}
2017-09-05T23:19:01.224Z uuid:Insight-1_0-231619K1200D9A,WeMo 4,1,2735,{"ONSince":"1504649284","OnFor":"4256","TodayONTime":"52553","TodayConsumed":"93379216"}
2017-09-05T23:19:01.505Z uuid:Insight-1_0-231619K1200D9F,WeMo 3,8,4030,{"ONSince":"1504653443","OnFor":"39","TodayONTime":"6880","TodayConsumed":"30490208"}
2017-09-05T23:19:02.772Z uuid:Insight-1_0-231619K1200D5B,WeMo 1,8,0,{"ONSince":"1504652738","OnFor":"122","TodayONTime":"2538","TodayConsumed":"29057775"}
2017-09-05T23:19:03.388Z uuid:Insight-1_0-231619K1200E30,WeMo 2,8,0,{"ONSince":"1504647186","OnFor":"19","TodayONTime":"430","TodayConsumed":"2034672"}
2017-09-05T23:19:03.796Z uuid:Insight-1_0-231619K1200D9A,WeMo 4,1,2745,{"ONSince":"1504649284","OnFor":"4259","TodayONTime":"52556","TodayConsumed":"93379216"}
2017-09-05T23:19:03.798Z uuid:Insight-1_0-231619K1200E30,WeMo 2,8,0,{"ONSince":"1504647186","OnFor":"19","TodayONTime":"430","TodayConsumed":"2034672"}
2017-09-05T23:19:04.016Z uuid:Insight-1_0-231619K1200D9F,WeMo 3,8,4005,{"ONSince":"1504653443","OnFor":"39","TodayONTime":"6880","TodayConsumed":"30490208"}
2017-09-05T23:19:04.239Z uuid:Insight-1_0-231619K1200D5B,WeMo 1,8,0,{"ONSince":"1504652738","OnFor":"122","TodayONTime":"2538","TodayConsumed":"29057775"}
2017-09-05T23:19:05.286Z uuid:Insight-1_0-231619K1200D9A,WeMo 4,1,2735,{"ONSince":"1504649284","OnFor":"4260","TodayONTime":"52557","TodayConsumed":"93379216"}
2017-09-05T23:19:05.525Z uuid:Insight-1_0-231619K1200D9F,WeMo 3,8,4030,{"ONSince":"1504653443","OnFor":"39","TodayONTime":"6880","TodayConsumed":"30490208"}
2017-09-05T23:19:06.345Z uuid:Insight-1_0-231619K1200E30,WeMo 2,8,0,{"ONSince":"1504647186","OnFor":"19","TodayONTime":"430","TodayConsumed":"2034672"}
2017-09-05T23:28:01.670Z uuid:Insight-1_0-231619K1200D9A,WeMo 4,1,2745,{"ONSince":"1504649284","OnFor":"4797","TodayONTime":"53094","TodayConsumed":"93403658"}
2017-09-05T23:28:02.158Z uuid:Insight-1_0-231619K1200E30,WeMo 2,8,0,{"ONSince":"1504647186","OnFor":"19","TodayONTime":"430","TodayConsumed":"2034672"}
2017-09-05T23:28:02.295Z uuid:Insight-1_0-231619K1200D5B,WeMo 1,8,0,{"ONSince":"1504652738","OnFor":"122","TodayONTime":"2538","TodayConsumed":"29057775"}
2017-09-05T23:28:02.405Z uuid:Insight-1_0-231619K1200D9F,WeMo 3,8,4000,{"ONSince":"1504653933","OnFor":"71","TodayONTime":"6977","TodayConsumed":"30703983"}
2017-09-05T23:28:03.956Z uuid:Insight-1_0-231619K1200D9F,WeMo 3,8,4030,{"ONSince":"1504653933","OnFor":"71","TodayONTime":"6977","TodayConsumed":"30703983"}
2017-09-05T23:28:04.099Z uuid:Insight-1_0-231619K1200D9A,WeMo 4,1,2720,{"ONSince":"1504649284","OnFor":"4800","TodayONTime":"53097","TodayConsumed":"93403658"}
2017-09-05T23:28:04.663Z uuid:Insight-1_0-231619K1200E30,WeMo 2,8,0,{"ONSince":"1504647186","OnFor":"19","TodayONTime":"430","TodayConsumed":"2034672"}
2017-09-05T23:28:04.814Z uuid:Insight-1_0-231619K1200D5B,WeMo 1,8,0,{"ONSince":"1504652738","OnFor":"122","TodayONTime":"2538","TodayConsumed":"29057775"}
2017-09-05T23:28:05.617Z uuid:Insight-1_0-231619K1200D9A,WeMo 4,1,2680,{"ONSince":"1504649284","OnFor":"4801","TodayONTime":"53098","TodayConsumed":"93403658"}
2017-09-05T23:28:06.291Z uuid:Insight-1_0-231619K1200E30,WeMo 2,8,0,{"ONSince":"1504647186","OnFor":"19","TodayONTime":"430","TodayConsumed":"2034672"}
2017-09-05T23:28:06.329Z uuid:Insight-1_0-231619K1200D5B,WeMo 1,8,0,{"ONSince":"1504652738","OnFor":"122","TodayONTime":"2538","TodayConsumed":"29057775"}
2017-09-05T23:28:06.431Z uuid:Insight-1_0-231619K1200D9F,WeMo 3,8,4015,{"ONSince":"1504653933","OnFor":"71","TodayONTime":"6977","TodayConsumed":"30703983"}
2017-09-05T23:28:08.030Z uuid:Insight-1_0-231619K1200D9F,WeMo 3,8,4020,{"ONSince":"1504653933","OnFor":"71","TodayONTime":"6977","TodayConsumed":"30703983"}
2017-09-05T23:28:08.121Z uuid:Insight-1_0-231619K1200D9A,WeMo 4,1,2695,{"ONSince":"1504649284","OnFor":"4804","TodayONTime":"53101","TodayConsumed":"93403658"}
2017-09-05T23:28:08.889Z uuid:Insight-1_0-231619K1200D5B,WeMo 1,8,0,{"ONSince":"1504652738","OnFor":"122","TodayONTime":"2538","TodayConsumed":"29057775"}
2017-09-05T23:28:09.664Z uuid:Insight-1_0-231619K1200D9A,WeMo 4,1,2685,{"ONSince":"1504649284","OnFor":"4805","TodayONTime":"53102","TodayConsumed":"93403658"}
2017-09-05T23:28:09.690Z uuid:Insight-1_0-231619K1200E30,WeMo 2,8,0,{"ONSince":"1504647186","OnFor":"19","TodayONTime":"430","TodayConsumed":"2034672"}
2017-09-05T23:28:10.377Z uuid:Insight-1_0-231619K1200D5B,WeMo 1,8,0,{"ONSince":"1504652738","OnFor":"122","TodayONTime":"2538","TodayConsumed":"29057775"}
2017-09-05T23:28:10.448Z uuid:Insight-1_0-231619K1200D9F,WeMo 3,8,4020,{"ONSince":"1504653933","OnFor":"71","TodayONTime":"6977","TodayConsumed":"30703983"}
2017-09-05T23:28:11.285Z uuid:Insight-1_0-231619K1200E30,WeMo 2,8,0,{"ONSince":"1504647186","OnFor":"19","TodayONTime":"430","TodayConsumed":"2034672"}
2017-09-05T23:28:12.105Z uuid:Insight-1_0-231619K1200D9F,WeMo 3,8,4000,{"ONSince":"1504653933","OnFor":"71","TodayONTime":"6977","TodayConsumed":"30703983"}
2017-09-05T23:28:12.272Z uuid:Insight-1_0-231619K1200D9A,WeMo 4,1,2715,{"ONSince":"1504649284","OnFor":"4808","TodayONTime":"53105","TodayConsumed":"93403658"}
2017-09-05T23:28:12.855Z uuid:Insight-1_0-231619K1200D5B,WeMo 1,8,0,{"ONSince":"1504652738","OnFor":"122","TodayONTime":"2538","TodayConsumed":"29057775"}
2017-09-05T23:28:13.751Z uuid:Insight-1_0-231619K1200D9A,WeMo 4,1,2720,{"ONSince":"1504649284","OnFor":"4809","TodayONTime":"53106","TodayConsumed":"93403658"}
2017-09-05T23:28:13.753Z uuid:Insight-1_0-231619K1200E30,WeMo 2,8,0,{"ONSince":"1504647186","OnFor":"19","TodayONTime":"430","TodayConsumed":"2034672"}
2017-09-05T23:28:14.522Z uuid:Insight-1_0-231619K1200D5B,WeMo 1,8,0,{"ONSince":"1504652738","OnFor":"122","TodayONTime":"2538","TodayConsumed":"29057775"}
2017-09-05T23:28:14.530Z uuid:Insight-1_0-231619K1200D9F,WeMo 3,8,4040,{"ONSince":"1504653933","OnFor":"71","TodayONTime":"6977","TodayConsumed":"30703983"}
2017-09-05T23:28:15.396Z uuid:Insight-1_0-231619K1200E30,WeMo 2,8,0,{"ONSince":"1504647186","OnFor":"19","TodayONTime":"430","TodayConsumed":"2034672"}
2017-09-05T23:28:16.058Z uuid:Insight-1_0-231619K1200D9F,WeMo 3,8,4040,{"ONSince":"1504653933","OnFor":"71","TodayONTime":"6977","TodayConsumed":"30703983"}
2017-09-05T23:28:16.209Z uuid:Insight-1_0-231619K1200D9A,WeMo 4,1,2695,{"ONSince":"1504649284","OnFor":"4812","TodayONTime":"53109","TodayConsumed":"93406372"}
2017-09-05T23:28:16.889Z uuid:Insight-1_0-231619K1200D5B,WeMo 1,8,0,{"ONSince":"1504652738","OnFor":"122","TodayONTime":"2538","TodayConsumed":"29057775"}
2017-09-05T23:28:17.680Z uuid:Insight-1_0-231619K1200D9A,WeMo 4,1,2700,{"ONSince":"1504649284","OnFor":"4813","TodayONTime":"53110","TodayConsumed":"93406372"}
2017-09-05T23:28:17.734Z uuid:Insight-1_0-231619K1200E30,WeMo 2,8,0,{"ONSince":"1504647186","OnFor":"19","TodayONTime":"430","TodayConsumed":"2034672"}
2017-09-05T23:28:18.470Z uuid:Insight-1_0-231619K1200D5B,WeMo 1,8,0,{"ONSince":"1504652738","OnFor":"122","TodayONTime":"2538","TodayConsumed":"29057775"}
2017-09-05T23:28:18.490Z uuid:Insight-1_0-231619K1200D9F,WeMo 3,8,4040,{"ONSince":"1504653933","OnFor":"71","TodayONTime":"6977","TodayConsumed":"30703983"}
2017-09-05T23:28:19.288Z uuid:Insight-1_0-231619K1200E30,WeMo 2,8,0,{"ONSince":"1504647186","OnFor":"19","TodayONTime":"430","TodayConsumed":"2034672"}
2017-09-05T23:28:20.111Z uuid:Insight-1_0-231619K1200D9F,WeMo 3,8,4015,{"ONSince":"1504653933","OnFor":"71","TodayONTime":"6977","TodayConsumed":"30703983"}
2017-09-05T23:28:20.179Z uuid:Insight-1_0-231619K1200D9A,WeMo 4,1,2695,{"ONSince":"1504649284","OnFor":"4816","TodayONTime":"53113","TodayConsumed":"93406372"}
2017-09-05T23:28:20.906Z uuid:Insight-1_0-231619K1200D5B,WeMo 1,8,0,{"ONSince":"1504652738","OnFor":"122","TodayONTime":"2538","TodayConsumed":"29057775"}
2017-09-05T23:28:21.754Z uuid:Insight-1_0-231619K1200D9A,WeMo 4,1,2710,{"ONSince":"1504649284","OnFor":"4817","TodayONTime":"53114","TodayConsumed":"93406372"}
2017-09-05T23:28:21.757Z uuid:Insight-1_0-231619K1200E30,WeMo 2,8,0,{"ONSince":"1504647186","OnFor":"19","TodayONTime":"430","TodayConsumed":"2034672"}
2017-09-05T23:28:22.461Z uuid:Insight-1_0-231619K1200D5B,WeMo 1,8,0,{"ONSince":"1504652738","OnFor":"122","TodayONTime":"2538","TodayConsumed":"29057775"}
2017-09-05T23:28:22.509Z uuid:Insight-1_0-231619K1200D9F,WeMo 3,8,4060,{"ONSince":"1504653933","OnFor":"71","TodayONTime":"6977","TodayConsumed":"30703983"}
2017-09-05T23:28:23.265Z uuid:Insight-1_0-231619K1200E30,WeMo 2,8,0,{"ONSince":"1504647186","OnFor":"19","TodayONTime":"430","TodayConsumed":"2034672"}
2017-09-05T23:28:24.136Z uuid:Insight-1_0-231619K1200D9F,WeMo 3,8,4050,{"ONSince":"1504653933","OnFor":"71","TodayONTime":"6977","TodayConsumed":"30703983"}
2017-09-05T23:28:24.202Z uuid:Insight-1_0-231619K1200D9A,WeMo 4,1,2695,{"ONSince":"1504649284","OnFor":"4820","TodayONTime":"53117","TodayConsumed":"93406372"}
2017-09-05T23:28:24.929Z uuid:Insight-1_0-231619K1200D5B,WeMo 1,8,0,{"ONSince":"1504652738","OnFor":"122","TodayONTime":"2538","TodayConsumed":"29057775"}
2017-09-05T23:28:25.786Z uuid:Insight-1_0-231619K1200D9A,WeMo 4,1,2680,{"ONSince":"1504649284","OnFor":"4821","TodayONTime":"53118","TodayConsumed":"93406372"}
2017-09-05T23:28:25.788Z uuid:Insight-1_0-231619K1200E30,WeMo 2,8,0,{"ONSince":"1504647186","OnFor":"19","TodayONTime":"430","TodayConsumed":"2034672"}
2017-09-05T23:28:26.455Z uuid:Insight-1_0-231619K1200D5B,WeMo 1,8,0,{"ONSince":"1504652738","OnFor":"122","TodayONTime":"2538","TodayConsumed":"29057775"}
2017-09-05T23:28:26.526Z uuid:Insight-1_0-231619K1200D9F,WeMo 3,8,4005,{"ONSince":"1504653933","OnFor":"71","TodayONTime":"6977","TodayConsumed":"30703983"}
2017-09-05T23:28:27.281Z uuid:Insight-1_0-231619K1200E30,WeMo 2,8,0,{"ONSince":"1504647186","OnFor":"19","TodayONTime":"430","TodayConsumed":"2034672"}
2017-09-05T23:28:28.045Z uuid:Insight-1_0-231619K1200D9F,WeMo 3,8,4010,{"ONSince":"1504653933","OnFor":"71","TodayONTime":"6977","TodayConsumed":"30703983"}
2017-09-05T23:28:28.226Z uuid:Insight-1_0-231619K1200D9A,WeMo 4,1,2700,{"ONSince":"1504649284","OnFor":"4824","TodayONTime":"53121","TodayConsumed":"93406372"}
2017-09-05T23:28:29.016Z uuid:Insight-1_0-231619K1200D5B,WeMo 1,8,0,{"ONSince":"1504652738","OnFor":"122","TodayONTime":"2538","TodayConsumed":"29057775"}
2017-09-05T23:28:29.844Z uuid:Insight-1_0-231619K1200E30,WeMo 2,8,0,{"ONSince":"1504647186","OnFor":"19","TodayONTime":"430","TodayConsumed":"2034672"}
2017-09-05T23:28:30.551Z uuid:Insight-1_0-231619K1200D5B,WeMo 1,8,0,{"ONSince":"1504652738","OnFor":"122","TodayONTime":"2538","TodayConsumed":"29057775"}
2017-09-05T23:28:30.554Z uuid:Insight-1_0-231619K1200D9F,WeMo 3,8,4005,{"ONSince":"1504653933","OnFor":"71","TodayONTime":"6977","TodayConsumed":"30703983"}
2017-09-05T23:28:30.738Z uuid:Insight-1_0-231619K1200D9A,WeMo 4,1,2710,{"ONSince":"1504649284","OnFor":"4826","TodayONTime":"53123","TodayConsumed":"93406372"}
2017-09-05T23:28:31.331Z uuid:Insight-1_0-231619K1200E30,WeMo 2,8,0,{"ONSince":"1504647186","OnFor":"19","TodayONTime":"430","TodayConsumed":"2034672"}
2017-09-05T23:28:32.055Z uuid:Insight-1_0-231619K1200D9F,WeMo 3,8,4040,{"ONSince":"1504653933","OnFor":"71","TodayONTime":"6977","TodayConsumed":"30703983"}
2017-09-05T23:28:32.973Z uuid:Insight-1_0-231619K1200D5B,WeMo 1,8,0,{"ONSince":"1504652738","OnFor":"122","TodayONTime":"2538","TodayConsumed":"29057775"}
2017-09-05T23:28:33.260Z uuid:Insight-1_0-231619K1200D9A,WeMo 4,1,2710,{"ONSince":"1504649284","OnFor":"4829","TodayONTime":"53126","TodayConsumed":"93406372"}
2017-09-05T23:28:33.814Z uuid:Insight-1_0-231619K1200E30,WeMo 2,8,0,{"ONSince":"1504647186","OnFor":"19","TodayONTime":"430","TodayConsumed":"2034672"}
2017-09-05T23:28:34.481Z uuid:Insight-1_0-231619K1200D5B,WeMo 1,8,0,{"ONSince":"1504652738","OnFor":"122","TodayONTime":"2538","TodayConsumed":"29057775"}
2017-09-05T23:28:34.565Z uuid:Insight-1_0-231619K1200D9F,WeMo 3,8,4015,{"ONSince":"1504653933","OnFor":"71","TodayONTime":"6977","TodayConsumed":"30703983"}
2017-09-05T23:28:34.751Z uuid:Insight-1_0-231619K1200D9A,WeMo 4,1,2705,{"ONSince":"1504649284","OnFor":"4830","TodayONTime":"53127","TodayConsumed":"93406372"}
2017-09-05T23:28:35.315Z uuid:Insight-1_0-231619K1200E30,WeMo 2,8,0,{"ONSince":"1504647186","OnFor":"19","TodayONTime":"430","TodayConsumed":"2034672"}
2017-09-05T23:28:36.124Z uuid:Insight-1_0-231619K1200D9F,WeMo 3,8,4010,{"ONSince":"1504653933","OnFor":"71","TodayONTime":"6977","TodayConsumed":"30703983"}
2017-09-05T23:28:37.018Z uuid:Insight-1_0-231619K1200D5B,WeMo 1,8,0,{"ONSince":"1504652738","OnFor":"122","TodayONTime":"2538","TodayConsumed":"29057775"}
2017-09-05T23:28:37.304Z uuid:Insight-1_0-231619K1200D9A,WeMo 4,1,2710,{"ONSince":"1504649284","OnFor":"4833","TodayONTime":"53130","TodayConsumed":"93406372"}
2017-09-05T23:28:37.925Z uuid:Insight-1_0-231619K1200E30,WeMo 2,8,0,{"ONSince":"1504647186","OnFor":"19","TodayONTime":"430","TodayConsumed":"2034672"}
2017-09-05T23:28:38.500Z uuid:Insight-1_0-231619K1200D5B,WeMo 1,8,0,{"ONSince":"1504652738","OnFor":"122","TodayONTime":"2538","TodayConsumed":"29057775"}
2017-09-05T23:28:38.592Z uuid:Insight-1_0-231619K1200D9F,WeMo 3,8,4005,{"ONSince":"1504653933","OnFor":"71","TodayONTime":"6977","TodayConsumed":"30703983"}
2017-09-05T23:28:38.790Z uuid:Insight-1_0-231619K1200D9A,WeMo 4,1,2720,{"ONSince":"1504649284","OnFor":"4834","TodayONTime":"53131","TodayConsumed":"93406372"}
2017-09-05T23:28:39.358Z uuid:Insight-1_0-231619K1200E30,WeMo 2,8,0,{"ONSince":"1504647186","OnFor":"19","TodayONTime":"430","TodayConsumed":"2034672"}
2017-09-05T23:28:40.093Z uuid:Insight-1_0-231619K1200D9F,WeMo 3,8,4000,{"ONSince":"1504653933","OnFor":"71","TodayONTime":"6977","TodayConsumed":"30703983"}
2017-09-05T23:28:41.099Z uuid:Insight-1_0-231619K1200D5B,WeMo 1,8,0,{"ONSince":"1504652738","OnFor":"122","TodayONTime":"2538","TodayConsumed":"29057775"}
2017-09-05T23:28:41.316Z uuid:Insight-1_0-231619K1200D9A,WeMo 4,1,2740,{"ONSince":"1504649284","OnFor":"4837","TodayONTime":"53134","TodayConsumed":"93406372"}
2017-09-05T23:28:41.920Z uuid:Insight-1_0-231619K1200E30,WeMo 2,8,0,{"ONSince":"1504647186","OnFor":"19","TodayONTime":"430","TodayConsumed":"2034672"}
2017-09-05T23:28:42.533Z uuid:Insight-1_0-231619K1200D5B,WeMo 1,8,0,{"ONSince":"1504652738","OnFor":"122","TodayONTime":"2538","TodayConsumed":"29057775"}
2017-09-05T23:28:42.605Z uuid:Insight-1_0-231619K1200D9F,WeMo 3,8,4035,{"ONSince":"1504653933","OnFor":"71","TodayONTime":"6977","TodayConsumed":"30703983"}
2017-09-05T23:28:42.795Z uuid:Insight-1_0-231619K1200D9A,WeMo 4,1,2730,{"ONSince":"1504649284","OnFor":"4838","TodayONTime":"53135","TodayConsumed":"93406372"}
2017-09-05T23:28:43.362Z uuid:Insight-1_0-231619K1200E30,WeMo 2,8,0,{"ONSince":"1504647186","OnFor":"19","TodayONTime":"430","TodayConsumed":"2034672"}
2017-09-05T23:28:45.094Z uuid:Insight-1_0-231619K1200D5B,WeMo 1,8,0,{"ONSince":"1504652738","OnFor":"122","TodayONTime":"2538","TodayConsumed":"29057775"}
2017-09-05T23:28:45.121Z uuid:Insight-1_0-231619K1200D9F,WeMo 3,8,4010,{"ONSince":"1504653933","OnFor":"71","TodayONTime":"6977","TodayConsumed":"30703983"}
2017-09-05T23:28:45.345Z uuid:Insight-1_0-231619K1200D9A,WeMo 4,1,2705,{"ONSince":"1504649284","OnFor":"4841","TodayONTime":"53138","TodayConsumed":"93406372"}
2017-09-05T23:28:45.913Z uuid:Insight-1_0-231619K1200E30,WeMo 2,8,0,{"ONSince":"1504647186","OnFor":"19","TodayONTime":"430","TodayConsumed":"2034672"}
2017-09-05T23:28:46.628Z uuid:Insight-1_0-231619K1200D5B,WeMo 1,8,0,{"ONSince":"1504652738","OnFor":"122","TodayONTime":"2538","TodayConsumed":"29057775"}
2017-09-05T23:28:46.815Z uuid:Insight-1_0-231619K1200D9A,WeMo 4,1,2690,{"ONSince":"1504649284","OnFor":"4842","TodayONTime":"53139","TodayConsumed":"93406372"}
2017-09-05T23:28:47.383Z uuid:Insight-1_0-231619K1200E30,WeMo 2,8,0,{"ONSince":"1504647186","OnFor":"19","TodayONTime":"430","TodayConsumed":"2034672"}
2017-09-05T23:28:47.652Z uuid:Insight-1_0-231619K1200D9F,WeMo 3,8,4025,{"ONSince":"1504653933","OnFor":"71","TodayONTime":"6977","TodayConsumed":"30703983"}
2017-09-05T23:28:49.052Z uuid:Insight-1_0-231619K1200D5B,WeMo 1,8,0,{"ONSince":"1504652738","OnFor":"122","TodayONTime":"2538","TodayConsumed":"29057775"}
2017-09-05T23:28:49.138Z uuid:Insight-1_0-231619K1200D9F,WeMo 3,8,4035,{"ONSince":"1504653933","OnFor":"71","TodayONTime":"6977","TodayConsumed":"30703983"}
2017-09-05T23:28:49.328Z uuid:Insight-1_0-231619K1200D9A,WeMo 4,1,2720,{"ONSince":"1504649284","OnFor":"4845","TodayONTime":"53142","TodayConsumed":"93406372"}
2017-09-05T23:28:49.906Z uuid:Insight-1_0-231619K1200E30,WeMo 2,8,0,{"ONSince":"1504647186","OnFor":"19","TodayONTime":"430","TodayConsumed":"2034672"}
2017-09-05T23:28:50.631Z uuid:Insight-1_0-231619K1200D5B,WeMo 1,8,0,{"ONSince":"1504652738","OnFor":"122","TodayONTime":"2538","TodayConsumed":"29057775"}
2017-09-05T23:28:50.838Z uuid:Insight-1_0-231619K1200D9A,WeMo 4,1,2755,{"ONSince":"1504649284","OnFor":"4846","TodayONTime":"53143","TodayConsumed":"93406372"}
2017-09-05T23:28:51.414Z uuid:Insight-1_0-231619K1200E30,WeMo 2,8,0,{"ONSince":"1504647186","OnFor":"19","TodayONTime":"430","TodayConsumed":"2034672"}
2017-09-05T23:28:51.650Z uuid:Insight-1_0-231619K1200D9F,WeMo 3,8,4040,{"ONSince":"1504653933","OnFor":"71","TodayONTime":"6977","TodayConsumed":"30703983"}
2017-09-05T23:28:53.181Z uuid:Insight-1_0-231619K1200D5B,WeMo 1,8,0,{"ONSince":"1504652738","OnFor":"122","TodayONTime":"2538","TodayConsumed":"29057775"}
2017-09-05T23:28:53.185Z uuid:Insight-1_0-231619K1200D9F,WeMo 3,8,4045,{"ONSince":"1504653933","OnFor":"71","TodayONTime":"6977","TodayConsumed":"30703983"}
2017-09-05T23:28:53.417Z uuid:Insight-1_0-231619K1200D9A,WeMo 4,1,2730,{"ONSince":"1504649284","OnFor":"4849","TodayONTime":"53146","TodayConsumed":"93406372"}
2017-09-05T23:28:54.004Z uuid:Insight-1_0-231619K1200E30,WeMo 2,8,0,{"ONSince":"1504647186","OnFor":"19","TodayONTime":"430","TodayConsumed":"2034672"}
2017-09-05T23:28:54.917Z uuid:Insight-1_0-231619K1200D9A,WeMo 4,1,2745,{"ONSince":"1504649284","OnFor":"4850","TodayONTime":"53147","TodayConsumed":"93406372"}
2017-09-05T23:28:55.440Z uuid:Insight-1_0-231619K1200E30,WeMo 2,8,0,{"ONSince":"1504647186","OnFor":"19","TodayONTime":"430","TodayConsumed":"2034672"}
2017-09-05T23:28:55.590Z uuid:Insight-1_0-231619K1200D5B,WeMo 1,8,0,{"ONSince":"1504652738","OnFor":"122","TodayONTime":"2538","TodayConsumed":"29057775"}
2017-09-05T23:28:55.678Z uuid:Insight-1_0-231619K1200D9F,WeMo 3,8,4015,{"ONSince":"1504653933","OnFor":"71","TodayONTime":"6977","TodayConsumed":"30703983"}
2017-09-05T23:28:57.280Z uuid:Insight-1_0-231619K1200D9F,WeMo 3,8,4025,{"ONSince":"1504653933","OnFor":"71","TodayONTime":"6977","TodayConsumed":"30703983"}
2017-09-05T23:28:57.366Z uuid:Insight-1_0-231619K1200D9A,WeMo 4,1,2730,{"ONSince":"1504649284","OnFor":"4853","TodayONTime":"53150","TodayConsumed":"93406372"}
2017-09-05T23:28:57.996Z uuid:Insight-1_0-231619K1200E30,WeMo 2,8,0,{"ONSince":"1504647186","OnFor":"19","TodayONTime":"430","TodayConsumed":"2034672"}
2017-09-05T23:28:58.099Z uuid:Insight-1_0-231619K1200D5B,WeMo 1,8,0,{"ONSince":"1504652738","OnFor":"122","TodayONTime":"2538","TodayConsumed":"29057775"}
2017-09-05T23:28:58.917Z uuid:Insight-1_0-231619K1200D9A,WeMo 4,1,2675,{"ONSince":"1504649284","OnFor":"4854","TodayONTime":"53151","TodayConsumed":"93406372"}
2017-09-05T23:28:59.438Z uuid:Insight-1_0-231619K1200E30,WeMo 2,8,0,{"ONSince":"1504647186","OnFor":"19","TodayONTime":"430","TodayConsumed":"2034672"}
2017-09-05T23:28:59.608Z uuid:Insight-1_0-231619K1200D5B,WeMo 1,8,0,{"ONSince":"1504652738","OnFor":"122","TodayONTime":"2538","TodayConsumed":"29057775"}
2017-09-05T23:28:59.691Z uuid:Insight-1_0-231619K1200D9F,WeMo 3,8,4045,{"ONSince":"1504653933","OnFor":"71","TodayONTime":"6977","TodayConsumed":"30708005"}
2017-09-05T23:29:01.282Z uuid:Insight-1_0-231619K1200D9F,WeMo 3,8,4025,{"ONSince":"1504653933","OnFor":"71","TodayONTime":"6977","TodayConsumed":"30708005"}
2017-09-05T23:29:01.390Z uuid:Insight-1_0-231619K1200D9A,WeMo 4,1,2735,{"ONSince":"1504649284","OnFor":"4857","TodayONTime":"53154","TodayConsumed":"93406372"}
2017-09-05T23:29:01.950Z uuid:Insight-1_0-231619K1200E30,WeMo 2,8,0,{"ONSince":"1504647186","OnFor":"19","TodayONTime":"430","TodayConsumed":"2034672"}
2017-09-05T23:29:02.120Z uuid:Insight-1_0-231619K1200D5B,WeMo 1,8,0,{"ONSince":"1504652738","OnFor":"122","TodayONTime":"2538","TodayConsumed":"29057775"}
2017-09-05T23:29:02.910Z uuid:Insight-1_0-231619K1200D9A,WeMo 4,1,2735,{"ONSince":"1504649284","OnFor":"4858","TodayONTime":"53155","TodayConsumed":"93406372"}
2017-09-05T23:29:03.524Z uuid:Insight-1_0-231619K1200E30,WeMo 2,8,0,{"ONSince":"1504647186","OnFor":"19","TodayONTime":"430","TodayConsumed":"2034672"}
2017-09-05T23:29:03.630Z uuid:Insight-1_0-231619K1200D5B,WeMo 1,8,0,{"ONSince":"1504652738","OnFor":"122","TodayONTime":"2538","TodayConsumed":"29057775"}
2017-09-05T23:29:03.712Z uuid:Insight-1_0-231619K1200D9F,WeMo 3,8,4010,{"ONSince":"1504653933","OnFor":"71","TodayONTime":"6977","TodayConsumed":"30708005"}
2017-09-05T23:29:05.267Z uuid:Insight-1_0-231619K1200D9F,WeMo 3,8,4015,{"ONSince":"1504653933","OnFor":"71","TodayONTime":"6977","TodayConsumed":"30708005"}
2017-09-05T23:29:05.413Z uuid:Insight-1_0-231619K1200D9A,WeMo 4,1,2725,{"ONSince":"1504649284","OnFor":"4861","TodayONTime":"53158","TodayConsumed":"93406372"}
2017-09-05T23:29:05.987Z uuid:Insight-1_0-231619K1200E30,WeMo 2,8,0,{"ONSince":"1504647186","OnFor":"19","TodayONTime":"430","TodayConsumed":"2034672"}
2017-09-05T23:29:06.145Z uuid:Insight-1_0-231619K1200D5B,WeMo 1,8,0,{"ONSince":"1504652738","OnFor":"122","TodayONTime":"2538","TodayConsumed":"29057775"}
2017-09-05T23:29:07.012Z uuid:Insight-1_0-231619K1200D9A,WeMo 4,1,2740,{"ONSince":"1504649284","OnFor":"4862","TodayONTime":"53159","TodayConsumed":"93406372"}
2017-09-05T23:29:07.519Z uuid:Insight-1_0-231619K1200E30,WeMo 2,8,0,{"ONSince":"1504647186","OnFor":"19","TodayONTime":"430","TodayConsumed":"2034672"}
2017-09-05T23:29:07.665Z uuid:Insight-1_0-231619K1200D5B,WeMo 1,8,0,{"ONSince":"1504652738","OnFor":"122","TodayONTime":"2538","TodayConsumed":"29057775"}
2017-09-05T23:29:07.728Z uuid:Insight-1_0-231619K1200D9F,WeMo 3,8,3990,{"ONSince":"1504653933","OnFor":"71","TodayONTime":"6977","TodayConsumed":"30708005"}
2017-09-05T23:29:09.251Z uuid:Insight-1_0-231619K1200D9F,WeMo 3,8,4000,{"ONSince":"1504653933","OnFor":"71","TodayONTime":"6977","TodayConsumed":"30708005"}
2017-09-05T23:29:09.426Z uuid:Insight-1_0-231619K1200D9A,WeMo 4,1,2725,{"ONSince":"1504649284","OnFor":"4865","TodayONTime":"53162","TodayConsumed":"93406372"}
2017-09-05T23:29:10.182Z uuid:Insight-1_0-231619K1200D5B,WeMo 1,8,0,{"ONSince":"1504652738","OnFor":"122","TodayONTime":"2538","TodayConsumed":"29057775"}
2017-09-05T23:29:10.998Z uuid:Insight-1_0-231619K1200D9A,WeMo 4,1,2710,{"ONSince":"1504649284","OnFor":"4866","TodayONTime":"53163","TodayConsumed":"93406372"}
2017-09-05T23:29:11.008Z uuid:Insight-1_0-231619K1200E30,WeMo 2,8,0,{"ONSince":"1504647186","OnFor":"19","TodayONTime":"430","TodayConsumed":"2034672"}
2017-09-05T23:29:11.714Z uuid:Insight-1_0-231619K1200D5B,WeMo 1,8,0,{"ONSince":"1504652738","OnFor":"122","TodayONTime":"2538","TodayConsumed":"29057775"}
2017-09-05T23:29:11.760Z uuid:Insight-1_0-231619K1200D9F,WeMo 3,8,4015,{"ONSince":"1504653933","OnFor":"71","TodayONTime":"6977","TodayConsumed":"30708005"}
2017-09-05T23:29:12.536Z uuid:Insight-1_0-231619K1200E30,WeMo 2,8,0,{"ONSince":"1504647186","OnFor":"19","TodayONTime":"430","TodayConsumed":"2034672"}
2017-09-05T23:29:13.257Z uuid:Insight-1_0-231619K1200D9F,WeMo 3,8,4015,{"ONSince":"1504653933","OnFor":"71","TodayONTime":"6977","TodayConsumed":"30708005"}
2017-09-05T23:29:13.448Z uuid:Insight-1_0-231619K1200D9A,WeMo 4,1,2705,{"ONSince":"1504649284","OnFor":"4869","TodayONTime":"53166","TodayConsumed":"93406372"}
2017-09-05T23:29:14.191Z uuid:Insight-1_0-231619K1200D5B,WeMo 1,8,0,{"ONSince":"1504652738","OnFor":"122","TodayONTime":"2538","TodayConsumed":"29057775"}
2017-09-05T23:29:14.957Z uuid:Insight-1_0-231619K1200D9A,WeMo 4,1,2715,{"ONSince":"1504649284","OnFor":"4870","TodayONTime":"53167","TodayConsumed":"93406372"}
2017-09-05T23:29:15.012Z uuid:Insight-1_0-231619K1200E30,WeMo 2,8,0,{"ONSince":"1504647186","OnFor":"19","TodayONTime":"430","TodayConsumed":"2034672"}
2017-09-05T23:29:15.710Z uuid:Insight-1_0-231619K1200D5B,WeMo 1,8,0,{"ONSince":"1504652738","OnFor":"122","TodayONTime":"2538","TodayConsumed":"29057775"}
2017-09-05T23:29:15.771Z uuid:Insight-1_0-231619K1200D9F,WeMo 3,8,4035,{"ONSince":"1504653933","OnFor":"71","TodayONTime":"6977","TodayConsumed":"30708005"}
2017-09-05T23:29:16.641Z uuid:Insight-1_0-231619K1200E30,WeMo 2,8,0,{"ONSince":"1504647186","OnFor":"19","TodayONTime":"430","TodayConsumed":"2034672"}
2017-09-05T23:29:17.349Z uuid:Insight-1_0-231619K1200D9F,WeMo 3,8,4020,{"ONSince":"1504653933","OnFor":"71","TodayONTime":"6977","TodayConsumed":"30708005"}
2017-09-05T23:29:17.466Z uuid:Insight-1_0-231619K1200D9A,WeMo 4,1,2705,{"ONSince":"1504649284","OnFor":"4873","TodayONTime":"53170","TodayConsumed":"93409088"}
2017-09-05T23:29:18.218Z uuid:Insight-1_0-231619K1200D5B,WeMo 1,8,0,{"ONSince":"1504652738","OnFor":"122","TodayONTime":"2538","TodayConsumed":"29057775"}
2017-09-05T23:29:18.978Z uuid:Insight-1_0-231619K1200D9A,WeMo 4,1,2710,{"ONSince":"1504649284","OnFor":"4874","TodayONTime":"53171","TodayConsumed":"93409088"}
2017-09-05T23:29:19.042Z uuid:Insight-1_0-231619K1200E30,WeMo 2,8,0,{"ONSince":"1504647186","OnFor":"19","TodayONTime":"430","TodayConsumed":"2034672"}
2017-09-05T23:29:19.767Z uuid:Insight-1_0-231619K1200D5B,WeMo 1,8,0,{"ONSince":"1504652738","OnFor":"122","TodayONTime":"2538","TodayConsumed":"29057775"}
2017-09-05T23:29:19.798Z uuid:Insight-1_0-231619K1200D9F,WeMo 3,8,4040,{"ONSince":"1504653933","OnFor":"71","TodayONTime":"6977","TodayConsumed":"30708005"}
2017-09-05T23:29:20.627Z uuid:Insight-1_0-231619K1200E30,WeMo 2,8,0,{"ONSince":"1504647186","OnFor":"19","TodayONTime":"430","TodayConsumed":"2034672"}
2017-09-05T23:29:21.312Z uuid:Insight-1_0-231619K1200D9F,WeMo 3,8,4030,{"ONSince":"1504653933","OnFor":"71","TodayONTime":"6977","TodayConsumed":"30708005"}
2017-09-05T23:29:21.506Z uuid:Insight-1_0-231619K1200D9A,WeMo 4,1,2730,{"ONSince":"1504649284","OnFor":"4877","TodayONTime":"53174","TodayConsumed":"93409088"}
2017-09-05T23:29:22.261Z uuid:Insight-1_0-231619K1200D5B,WeMo 1,8,0,{"ONSince":"1504652738","OnFor":"122","TodayONTime":"2538","TodayConsumed":"29057775"}
2017-09-05T23:29:23.084Z uuid:Insight-1_0-231619K1200D9A,WeMo 4,1,2735,{"ONSince":"1504649284","OnFor":"4878","TodayONTime":"53175","TodayConsumed":"93409088"}
2017-09-05T23:29:23.086Z uuid:Insight-1_0-231619K1200E30,WeMo 2,8,0,{"ONSince":"1504647186","OnFor":"19","TodayONTime":"430","TodayConsumed":"2034672"}
2017-09-05T23:29:23.797Z uuid:Insight-1_0-231619K1200D5B,WeMo 1,8,0,{"ONSince":"1504652738","OnFor":"122","TodayONTime":"2538","TodayConsumed":"29057775"}
2017-09-05T23:29:23.809Z uuid:Insight-1_0-231619K1200D9F,WeMo 3,8,4030,{"ONSince":"1504653933","OnFor":"71","TodayONTime":"6977","TodayConsumed":"30708005"}
2017-09-05T23:29:24.618Z uuid:Insight-1_0-231619K1200E30,WeMo 2,8,0,{"ONSince":"1504647186","OnFor":"19","TodayONTime":"430","TodayConsumed":"2034672"}
2017-09-05T23:29:25.341Z uuid:Insight-1_0-231619K1200D9F,WeMo 3,8,4055,{"ONSince":"1504653933","OnFor":"71","TodayONTime":"6977","TodayConsumed":"30708005"}
2017-09-05T23:29:25.504Z uuid:Insight-1_0-231619K1200D9A,WeMo 4,1,2710,{"ONSince":"1504649284","OnFor":"4881","TodayONTime":"53178","TodayConsumed":"93409088"}
2017-09-05T23:29:26.361Z uuid:Insight-1_0-231619K1200D5B,WeMo 1,8,0,{"ONSince":"1504652738","OnFor":"122","TodayONTime":"2538","TodayConsumed":"29057775"}
2017-09-05T23:29:27.075Z uuid:Insight-1_0-231619K1200D9A,WeMo 4,1,2715,{"ONSince":"1504649284","OnFor":"4882","TodayONTime":"53179","TodayConsumed":"93409088"}
2017-09-05T23:29:27.079Z uuid:Insight-1_0-231619K1200E30,WeMo 2,8,0,{"ONSince":"1504647186","OnFor":"19","TodayONTime":"430","TodayConsumed":"2034672"}
2017-09-05T23:29:27.757Z uuid:Insight-1_0-231619K1200D5B,WeMo 1,8,0,{"ONSince":"1504652738","OnFor":"122","TodayONTime":"2538","TodayConsumed":"29057775"}
2017-09-05T23:29:27.839Z uuid:Insight-1_0-231619K1200D9F,WeMo 3,8,4025,{"ONSince":"1504653933","OnFor":"71","TodayONTime":"6977","TodayConsumed":"30708005"}
2017-09-05T23:29:28.594Z uuid:Insight-1_0-231619K1200E30,WeMo 2,8,0,{"ONSince":"1504647186","OnFor":"19","TodayONTime":"430","TodayConsumed":"2034672"}
2017-09-05T23:29:29.349Z uuid:Insight-1_0-231619K1200D9F,WeMo 3,8,4040,{"ONSince":"1504653933","OnFor":"71","TodayONTime":"6977","TodayConsumed":"30708005"}
2017-09-05T23:29:29.529Z uuid:Insight-1_0-231619K1200D9A,WeMo 4,1,2695,{"ONSince":"1504649284","OnFor":"4885","TodayONTime":"53182","TodayConsumed":"93409088"}
2017-09-05T23:29:30.354Z uuid:Insight-1_0-231619K1200D5B,WeMo 1,8,0,{"ONSince":"1504652738","OnFor":"122","TodayONTime":"2538","TodayConsumed":"29057775"}
2017-09-05T23:29:31.173Z uuid:Insight-1_0-231619K1200E30,WeMo 2,8,0,{"ONSince":"1504647186","OnFor":"19","TodayONTime":"430","TodayConsumed":"2034672"}
2017-09-05T23:29:31.784Z uuid:Insight-1_0-231619K1200D5B,WeMo 1,8,0,{"ONSince":"1504652738","OnFor":"122","TodayONTime":"2538","TodayConsumed":"29057775"}
2017-09-05T23:29:31.870Z uuid:Insight-1_0-231619K1200D9F,WeMo 3,8,4000,{"ONSince":"1504653933","OnFor":"71","TodayONTime":"6977","TodayConsumed":"30708005"}
2017-09-05T23:29:32.039Z uuid:Insight-1_0-231619K1200D9A,WeMo 4,1,2725,{"ONSince":"1504649284","OnFor":"4887","TodayONTime":"53184","TodayConsumed":"93409088"}
2017-09-05T23:29:32.610Z uuid:Insight-1_0-231619K1200E30,WeMo 2,8,0,{"ONSince":"1504647186","OnFor":"19","TodayONTime":"430","TodayConsumed":"2034672"}
2017-09-05T23:29:33.430Z uuid:Insight-1_0-231619K1200D9F,WeMo 3,8,3995,{"ONSince":"1504653933","OnFor":"71","TodayONTime":"6977","TodayConsumed":"30708005"}
2017-09-05T23:29:34.300Z uuid:Insight-1_0-231619K1200D5B,WeMo 1,8,0,{"ONSince":"1504652738","OnFor":"122","TodayONTime":"2538","TodayConsumed":"29057775"}
2017-09-05T23:29:34.604Z uuid:Insight-1_0-231619K1200D9A,WeMo 4,1,2725,{"ONSince":"1504649284","OnFor":"4890","TodayONTime":"53187","TodayConsumed":"93409088"}
2017-09-05T23:29:35.168Z uuid:Insight-1_0-231619K1200E30,WeMo 2,8,0,{"ONSince":"1504647186","OnFor":"19","TodayONTime":"430","TodayConsumed":"2034672"}
2017-09-05T23:29:35.884Z uuid:Insight-1_0-231619K1200D5B,WeMo 1,8,0,{"ONSince":"1504652738","OnFor":"122","TodayONTime":"2538","TodayConsumed":"29057775"}
2017-09-05T23:29:35.890Z uuid:Insight-1_0-231619K1200D9F,WeMo 3,8,4015,{"ONSince":"1504653933","OnFor":"71","TodayONTime":"6977","TodayConsumed":"30708005"}
2017-09-05T23:29:36.058Z uuid:Insight-1_0-231619K1200D9A,WeMo 4,1,2730,{"ONSince":"1504649284","OnFor":"4891","TodayONTime":"53188","TodayConsumed":"93409088"}
2017-09-05T23:29:36.700Z uuid:Insight-1_0-231619K1200E30,WeMo 2,8,0,{"ONSince":"1504647186","OnFor":"19","TodayONTime":"430","TodayConsumed":"2034672"}
2017-09-05T23:29:37.379Z uuid:Insight-1_0-231619K1200D9F,WeMo 3,8,4005,{"ONSince":"1504653933","OnFor":"71","TodayONTime":"6977","TodayConsumed":"30708005"}
2017-09-05T23:29:38.334Z uuid:Insight-1_0-231619K1200D5B,WeMo 1,8,0,{"ONSince":"1504652738","OnFor":"122","TodayONTime":"2538","TodayConsumed":"29057775"}
2017-09-05T23:29:38.584Z uuid:Insight-1_0-231619K1200D9A,WeMo 4,1,2730,{"ONSince":"1504649284","OnFor":"4895","TodayONTime":"53192","TodayConsumed":"93409088"}
2017-09-05T23:29:39.132Z uuid:Insight-1_0-231619K1200E30,WeMo 2,8,0,{"ONSince":"1504647186","OnFor":"19","TodayONTime":"430","TodayConsumed":"2034672"}
2017-09-05T23:29:39.875Z uuid:Insight-1_0-231619K1200D5B,WeMo 1,8,0,{"ONSince":"1504652738","OnFor":"122","TodayONTime":"2538","TodayConsumed":"29057775"}
2017-09-05T23:29:39.889Z uuid:Insight-1_0-231619K1200D9F,WeMo 3,8,3990,{"ONSince":"1504653933","OnFor":"71","TodayONTime":"6977","TodayConsumed":"30708005"}
2017-09-05T23:29:40.079Z uuid:Insight-1_0-231619K1200D9A,WeMo 4,1,2730,{"ONSince":"1504649284","OnFor":"4896","TodayONTime":"53193","TodayConsumed":"93409088"}
2017-09-05T23:29:40.697Z uuid:Insight-1_0-231619K1200E30,WeMo 2,8,0,{"ONSince":"1504647186","OnFor":"19","TodayONTime":"430","TodayConsumed":"2034672"}
2017-09-05T23:29:41.420Z uuid:Insight-1_0-231619K1200D9F,WeMo 3,8,4010,{"ONSince":"1504653933","OnFor":"71","TodayONTime":"6977","TodayConsumed":"30708005"}
2017-09-05T23:29:42.439Z uuid:Insight-1_0-231619K1200D5B,WeMo 1,8,0,{"ONSince":"1504652738","OnFor":"122","TodayONTime":"2538","TodayConsumed":"29057775"}
2017-09-05T23:29:42.589Z uuid:Insight-1_0-231619K1200D9A,WeMo 4,1,2745,{"ONSince":"1504649284","OnFor":"4899","TodayONTime":"53196","TodayConsumed":"93409088"}
2017-09-05T23:29:43.256Z uuid:Insight-1_0-231619K1200E30,WeMo 2,8,0,{"ONSince":"1504647186","OnFor":"19","TodayONTime":"430","TodayConsumed":"2034672"}
2017-09-05T23:29:43.873Z uuid:Insight-1_0-231619K1200D5B,WeMo 1,8,0,{"ONSince":"1504652738","OnFor":"122","TodayONTime":"2538","TodayConsumed":"29057775"}
2017-09-05T23:29:43.915Z uuid:Insight-1_0-231619K1200D9F,WeMo 3,8,4010,{"ONSince":"1504653933","OnFor":"71","TodayONTime":"6977","TodayConsumed":"30708005"}
2017-09-05T23:29:44.098Z uuid:Insight-1_0-231619K1200D9A,WeMo 4,1,2730,{"ONSince":"1504649284","OnFor":"4900","TodayONTime":"53197","TodayConsumed":"93409088"}
2017-09-05T23:29:44.671Z uuid:Insight-1_0-231619K1200E30,WeMo 2,8,0,{"ONSince":"1504647186","OnFor":"19","TodayONTime":"430","TodayConsumed":"2034672"}
2017-09-05T23:29:46.364Z uuid:Insight-1_0-231619K1200D5B,WeMo 1,8,0,{"ONSince":"1504652738","OnFor":"122","TodayONTime":"2538","TodayConsumed":"29057775"}
2017-09-05T23:29:46.424Z uuid:Insight-1_0-231619K1200D9F,WeMo 3,8,3955,{"ONSince":"1504653933","OnFor":"71","TodayONTime":"6977","TodayConsumed":"30708005"}
2017-09-05T23:29:46.607Z uuid:Insight-1_0-231619K1200D9A,WeMo 4,1,848170,{"ONSince":"1504649284","OnFor":"4903","TodayONTime":"53200","TodayConsumed":"93409088"}
2017-09-05T23:29:47.355Z uuid:Insight-1_0-231619K1200E30,WeMo 2,8,0,{"ONSince":"1504647186","OnFor":"19","TodayONTime":"430","TodayConsumed":"2034672"}
2017-09-05T23:29:47.968Z uuid:Insight-1_0-231619K1200D5B,WeMo 1,8,0,{"ONSince":"1504652738","OnFor":"122","TodayONTime":"2538","TodayConsumed":"29057775"}
2017-09-05T23:29:48.120Z uuid:Insight-1_0-231619K1200D9A,WeMo 4,1,1182430,{"ONSince":"1504649284","OnFor":"4904","TodayONTime":"53201","TodayConsumed":"93409088"}
2017-09-05T23:29:48.815Z uuid:Insight-1_0-231619K1200E30,WeMo 2,8,0,{"ONSince":"1504647186","OnFor":"19","TodayONTime":"430","TodayConsumed":"2034672"}
2017-09-05T23:29:48.946Z uuid:Insight-1_0-231619K1200D9F,WeMo 3,8,3965,{"ONSince":"1504653933","OnFor":"71","TodayONTime":"6977","TodayConsumed":"30708005"}
2017-09-05T23:29:50.424Z uuid:Insight-1_0-231619K1200D5B,WeMo 1,8,0,{"ONSince":"1504652738","OnFor":"122","TodayONTime":"2538","TodayConsumed":"29057775"}
2017-09-05T23:29:50.446Z uuid:Insight-1_0-231619K1200D9F,WeMo 3,8,3975,{"ONSince":"1504653933","OnFor":"71","TodayONTime":"6977","TodayConsumed":"30708005"}
2017-09-05T23:29:50.633Z uuid:Insight-1_0-231619K1200D9A,WeMo 4,1,1597275,{"ONSince":"1504649284","OnFor":"4907","TodayONTime":"53204","TodayConsumed":"93409088"}
2017-09-05T23:29:51.245Z uuid:Insight-1_0-231619K1200E30,WeMo 2,8,0,{"ONSince":"1504647186","OnFor":"19","TodayONTime":"430","TodayConsumed":"2034672"}
2017-09-05T23:29:51.961Z uuid:Insight-1_0-231619K1200D5B,WeMo 1,8,0,{"ONSince":"1504652738","OnFor":"122","TodayONTime":"2538","TodayConsumed":"29057775"}
2017-09-05T23:29:52.155Z uuid:Insight-1_0-231619K1200D9A,WeMo 4,1,1644560,{"ONSince":"1504649284","OnFor":"4908","TodayONTime":"53205","TodayConsumed":"93409088"}
2017-09-05T23:29:52.783Z uuid:Insight-1_0-231619K1200E30,WeMo 2,8,0,{"ONSince":"1504647186","OnFor":"19","TodayONTime":"430","TodayConsumed":"2034672"}
2017-09-05T23:29:52.958Z uuid:Insight-1_0-231619K1200D9F,WeMo 3,8,3980,{"ONSince":"1504653933","OnFor":"71","TodayONTime":"6977","TodayConsumed":"30708005"}
2017-09-05T23:29:54.418Z uuid:Insight-1_0-231619K1200D5B,WeMo 1,8,0,{"ONSince":"1504652738","OnFor":"122","TodayONTime":"2538","TodayConsumed":"29057775"}
2017-09-05T23:29:54.477Z uuid:Insight-1_0-231619K1200D9F,WeMo 3,8,3990,{"ONSince":"1504653933","OnFor":"71","TodayONTime":"6977","TodayConsumed":"30708005"}
2017-09-05T23:29:54.659Z uuid:Insight-1_0-231619K1200D9A,WeMo 4,1,1703675,{"ONSince":"1504649284","OnFor":"4911","TodayONTime":"53208","TodayConsumed":"93409088"}
2017-09-05T23:29:55.238Z uuid:Insight-1_0-231619K1200E30,WeMo 2,8,0,{"ONSince":"1504647186","OnFor":"19","TodayONTime":"430","TodayConsumed":"2034672"}
2017-09-05T23:29:56.261Z uuid:Insight-1_0-231619K1200D9A,WeMo 4,1,1710565,{"ONSince":"1504649284","OnFor":"4912","TodayONTime":"53209","TodayConsumed":"93409088"}
2017-09-05T23:29:56.724Z uuid:Insight-1_0-231619K1200E30,WeMo 2,8,0,{"ONSince":"1504647186","OnFor":"19","TodayONTime":"430","TodayConsumed":"2034672"}
2017-09-05T23:29:56.928Z uuid:Insight-1_0-231619K1200D5B,WeMo 1,8,0,{"ONSince":"1504652738","OnFor":"122","TodayONTime":"2538","TodayConsumed":"29057775"}
2017-09-05T23:29:56.976Z uuid:Insight-1_0-231619K1200D9F,WeMo 3,8,3990,{"ONSince":"1504653933","OnFor":"71","TodayONTime":"6977","TodayConsumed":"30708005"}
2017-09-05T23:29:58.512Z uuid:Insight-1_0-231619K1200D9F,WeMo 3,8,3995,{"ONSince":"1504653933","OnFor":"71","TodayONTime":"6977","TodayConsumed":"30708005"}
2017-09-05T23:29:58.720Z uuid:Insight-1_0-231619K1200D9A,WeMo 4,1,1717685,{"ONSince":"1504649284","OnFor":"4915","TodayONTime":"53212","TodayConsumed":"93409088"}
2017-09-05T23:29:59.235Z uuid:Insight-1_0-231619K1200E30,WeMo 2,8,0,{"ONSince":"1504647186","OnFor":"19","TodayONTime":"430","TodayConsumed":"2034672"}
2017-09-05T23:29:59.433Z uuid:Insight-1_0-231619K1200D5B,WeMo 1,8,0,{"ONSince":"1504652738","OnFor":"122","TodayONTime":"2538","TodayConsumed":"29057775"}
2017-09-05T23:30:00.255Z uuid:Insight-1_0-231619K1200D9A,WeMo 4,1,1718410,{"ONSince":"1504649284","OnFor":"4916","TodayONTime":"53213","TodayConsumed":"93409088"}
2017-09-05T23:30:00.748Z uuid:Insight-1_0-231619K1200E30,WeMo 2,8,0,{"ONSince":"1504647186","OnFor":"19","TodayONTime":"430","TodayConsumed":"2034672"}
2017-09-05T23:30:00.939Z uuid:Insight-1_0-231619K1200D5B,WeMo 1,8,0,{"ONSince":"1504652738","OnFor":"122","TodayONTime":"2538","TodayConsumed":"29057775"}
2017-09-05T23:30:01.007Z uuid:Insight-1_0-231619K1200D9F,WeMo 3,8,4015,{"ONSince":"1504653933","OnFor":"71","TodayONTime":"6977","TodayConsumed":"30712016"}
2017-09-05T23:30:02.614Z uuid:Insight-1_0-231619K1200D9F,WeMo 3,8,4015,{"ONSince":"1504653933","OnFor":"71","TodayONTime":"6977","TodayConsumed":"30712016"}
2017-09-05T23:30:02.696Z uuid:Insight-1_0-231619K1200D9A,WeMo 4,1,1718515,{"ONSince":"1504649284","OnFor":"4919","TodayONTime":"53216","TodayConsumed":"93409088"}
2017-09-05T23:30:03.255Z uuid:Insight-1_0-231619K1200E30,WeMo 2,8,0,{"ONSince":"1504647186","OnFor":"19","TodayONTime":"430","TodayConsumed":"2034672"}
2017-09-05T23:30:03.459Z uuid:Insight-1_0-231619K1200D5B,WeMo 1,8,0,{"ONSince":"1504652738","OnFor":"122","TodayONTime":"2538","TodayConsumed":"29057775"}
2017-09-05T23:30:04.202Z uuid:Insight-1_0-231619K1200D9A,WeMo 4,1,1719380,{"ONSince":"1504649284","OnFor":"4920","TodayONTime":"53217","TodayConsumed":"93409088"}
2017-09-05T23:30:04.808Z uuid:Insight-1_0-231619K1200E30,WeMo 2,8,0,{"ONSince":"1504647186","OnFor":"19","TodayONTime":"430","TodayConsumed":"2034672"}
2017-09-05T23:30:05.019Z uuid:Insight-1_0-231619K1200D9F,WeMo 3,8,4005,{"ONSince":"1504653933","OnFor":"71","TodayONTime":"6977","TodayConsumed":"30712016"}
2017-09-05T23:30:05.990Z uuid:Insight-1_0-231619K1200D5B,WeMo 1,8,0,{"ONSince":"1504652738","OnFor":"122","TodayONTime":"2538","TodayConsumed":"29057775"}
2017-09-05T23:30:06.531Z uuid:Insight-1_0-231619K1200D9F,WeMo 3,8,4000,{"ONSince":"1504653933","OnFor":"71","TodayONTime":"6977","TodayConsumed":"30712016"}
2017-09-05T23:30:06.735Z uuid:Insight-1_0-231619K1200D9A,WeMo 4,1,1722080,{"ONSince":"1504649284","OnFor":"4923","TodayONTime":"53220","TodayConsumed":"93409088"}
2017-09-05T23:30:07.324Z uuid:Insight-1_0-231619K1200E30,WeMo 2,8,0,{"ONSince":"1504647186","OnFor":"19","TodayONTime":"430","TodayConsumed":"2034672"}
2017-09-05T23:30:07.484Z uuid:Insight-1_0-231619K1200D5B,WeMo 1,8,0,{"ONSince":"1504652738","OnFor":"122","TodayONTime":"2538","TodayConsumed":"29057775"}
2017-09-05T23:30:08.243Z uuid:Insight-1_0-231619K1200D9A,WeMo 4,1,1722650,{"ONSince":"1504649284","OnFor":"4924","TodayONTime":"53221","TodayConsumed":"93409088"}
2017-09-05T23:30:08.864Z uuid:Insight-1_0-231619K1200E30,WeMo 2,8,0,{"ONSince":"1504647186","OnFor":"19","TodayONTime":"430","TodayConsumed":"2034672"}
2017-09-05T23:30:09.044Z uuid:Insight-1_0-231619K1200D9F,WeMo 3,8,3985,{"ONSince":"1504653933","OnFor":"71","TodayONTime":"6977","TodayConsumed":"30712016"}
2017-09-05T23:30:10.085Z uuid:Insight-1_0-231619K1200D5B,WeMo 1,8,0,{"ONSince":"1504652738","OnFor":"122","TodayONTime":"2538","TodayConsumed":"29057775"}
2017-09-05T23:30:10.599Z uuid:Insight-1_0-231619K1200D9F,WeMo 3,8,3980,{"ONSince":"1504653933","OnFor":"71","TodayONTime":"6977","TodayConsumed":"30712016"}
2017-09-05T23:30:10.747Z uuid:Insight-1_0-231619K1200D9A,WeMo 4,1,1724615,{"ONSince":"1504649284","OnFor":"4927","TodayONTime":"53224","TodayConsumed":"93409088"}
2017-09-05T23:30:11.556Z uuid:Insight-1_0-231619K1200D5B,WeMo 1,8,0,{"ONSince":"1504652738","OnFor":"122","TodayONTime":"2538","TodayConsumed":"29057775"}
2017-09-05T23:30:12.395Z uuid:Insight-1_0-231619K1200E30,WeMo 2,8,0,{"ONSince":"1504647186","OnFor":"19","TodayONTime":"430","TodayConsumed":"2034672"}
2017-09-05T23:30:12.400Z uuid:Insight-1_0-231619K1200D9A,WeMo 4,1,1724315,{"ONSince":"1504649284","OnFor":"4928","TodayONTime":"53225","TodayConsumed":"93409088"}
2017-09-05T23:30:13.160Z uuid:Insight-1_0-231619K1200D9F,WeMo 3,8,4005,{"ONSince":"1504653933","OnFor":"71","TodayONTime":"6977","TodayConsumed":"30712016"}
2017-09-05T23:30:13.920Z uuid:Insight-1_0-231619K1200E30,WeMo 2,8,0,{"ONSince":"1504647186","OnFor":"19","TodayONTime":"430","TodayConsumed":"2034672"}
2017-09-05T23:30:14.026Z uuid:Insight-1_0-231619K1200D5B,WeMo 1,8,0,{"ONSince":"1504652738","OnFor":"122","TodayONTime":"2538","TodayConsumed":"29057775"}
2017-09-05T23:30:14.638Z uuid:Insight-1_0-231619K1200D9F,WeMo 3,8,4010,{"ONSince":"1504653933","OnFor":"71","TodayONTime":"6977","TodayConsumed":"30712016"}
2017-09-05T23:30:14.747Z uuid:Insight-1_0-231619K1200D9A,WeMo 4,1,1722005,{"ONSince":"1504649284","OnFor":"4931","TodayONTime":"53228","TodayConsumed":"93409088"}
2017-09-05T23:30:15.524Z uuid:Insight-1_0-231619K1200D5B,WeMo 1,8,0,{"ONSince":"1504652738","OnFor":"122","TodayONTime":"2538","TodayConsumed":"29057775"}
2017-09-05T23:30:16.275Z uuid:Insight-1_0-231619K1200D9A,WeMo 4,1,1721430,{"ONSince":"1504649284","OnFor":"4932","TodayONTime":"53229","TodayConsumed":"93409088"}
2017-09-05T23:30:16.323Z uuid:Insight-1_0-231619K1200E30,WeMo 2,8,0,{"ONSince":"1504647186","OnFor":"19","TodayONTime":"430","TodayConsumed":"2034672"}
2017-09-05T23:30:17.167Z uuid:Insight-1_0-231619K1200D9F,WeMo 3,8,4005,{"ONSince":"1504653933","OnFor":"71","TodayONTime":"6977","TodayConsumed":"30712016"}
2017-09-05T23:30:17.869Z uuid:Insight-1_0-231619K1200E30,WeMo 2,8,0,{"ONSince":"1504647186","OnFor":"19","TodayONTime":"430","TodayConsumed":"2034672"}
2017-09-05T23:30:18.035Z uuid:Insight-1_0-231619K1200D5B,WeMo 1,8,0,{"ONSince":"1504652738","OnFor":"122","TodayONTime":"2538","TodayConsumed":"29057775"}
2017-09-05T23:30:18.690Z uuid:Insight-1_0-231619K1200D9F,WeMo 3,8,3985,{"ONSince":"1504653933","OnFor":"71","TodayONTime":"6977","TodayConsumed":"30712016"}
2017-09-05T23:30:18.773Z uuid:Insight-1_0-231619K1200D9A,WeMo 4,1,1719150,{"ONSince":"1504649284","OnFor":"4935","TodayONTime":"53232","TodayConsumed":"94295723"}
2017-09-05T23:30:19.607Z uuid:Insight-1_0-231619K1200D5B,WeMo 1,8,0,{"ONSince":"1504652738","OnFor":"122","TodayONTime":"2538","TodayConsumed":"29057775"}
2017-09-05T23:30:20.339Z uuid:Insight-1_0-231619K1200D9A,WeMo 4,1,1718360,{"ONSince":"1504649284","OnFor":"4936","TodayONTime":"53233","TodayConsumed":"94295723"}
2017-09-05T23:30:20.343Z uuid:Insight-1_0-231619K1200E30,WeMo 2,8,0,{"ONSince":"1504647186","OnFor":"19","TodayONTime":"430","TodayConsumed":"2034672"}
2017-09-05T23:30:21.141Z uuid:Insight-1_0-231619K1200D9F,WeMo 3,8,3990,{"ONSince":"1504653933","OnFor":"71","TodayONTime":"6977","TodayConsumed":"30712016"}
2017-09-05T23:30:21.852Z uuid:Insight-1_0-231619K1200E30,WeMo 2,8,0,{"ONSince":"1504647186","OnFor":"19","TodayONTime":"430","TodayConsumed":"2034672"}
2017-09-05T23:30:22.066Z uuid:Insight-1_0-231619K1200D5B,WeMo 1,8,0,{"ONSince":"1504652738","OnFor":"122","TodayONTime":"2538","TodayConsumed":"29057775"}
2017-09-05T23:30:22.680Z uuid:Insight-1_0-231619K1200D9F,WeMo 3,8,4000,{"ONSince":"1504653933","OnFor":"71","TodayONTime":"6977","TodayConsumed":"30712016"}
2017-09-05T23:30:22.790Z uuid:Insight-1_0-231619K1200D9A,WeMo 4,1,1717345,{"ONSince":"1504649284","OnFor":"4939","TodayONTime":"53236","TodayConsumed":"94295723"}
2017-09-05T23:30:23.607Z uuid:Insight-1_0-231619K1200D5B,WeMo 1,8,0,{"ONSince":"1504652738","OnFor":"122","TodayONTime":"2538","TodayConsumed":"29057775"}
2017-09-05T23:30:24.313Z uuid:Insight-1_0-231619K1200D9A,WeMo 4,1,1705960,{"ONSince":"1504649284","OnFor":"4940","TodayONTime":"53237","TodayConsumed":"94295723"}
2017-09-05T23:30:24.371Z uuid:Insight-1_0-231619K1200E30,WeMo 2,8,0,{"ONSince":"1504647186","OnFor":"19","TodayONTime":"430","TodayConsumed":"2034672"}
2017-09-05T23:30:25.150Z uuid:Insight-1_0-231619K1200D9F,WeMo 3,1,86410,{"ONSince":"1504653933","OnFor":"71","TodayONTime":"6977","TodayConsumed":"30712016"}
2017-09-05T23:30:25.868Z uuid:Insight-1_0-231619K1200E30,WeMo 2,8,0,{"ONSince":"1504647186","OnFor":"19","TodayONTime":"430","TodayConsumed":"2034672"}
2017-09-05T23:30:26.075Z uuid:Insight-1_0-231619K1200D5B,WeMo 1,8,0,{"ONSince":"1504652738","OnFor":"122","TodayONTime":"2538","TodayConsumed":"29057775"}
2017-09-05T23:30:26.800Z uuid:Insight-1_0-231619K1200D9F,WeMo 3,1,150090,{"ONSince":"1504654225","OnFor":"1","TodayONTime":"6978","TodayConsumed":"30712016"}
2017-09-05T23:30:26.827Z uuid:Insight-1_0-231619K1200D9A,WeMo 4,1,1705465,{"ONSince":"1504649284","OnFor":"4943","TodayONTime":"53240","TodayConsumed":"94295723"}
2017-09-05T23:30:27.595Z uuid:Insight-1_0-231619K1200D5B,WeMo 1,8,0,{"ONSince":"1504652738","OnFor":"122","TodayONTime":"2538","TodayConsumed":"29057775"}
2017-09-05T23:30:28.322Z uuid:Insight-1_0-231619K1200D9A,WeMo 4,1,1712180,{"ONSince":"1504649284","OnFor":"4944","TodayONTime":"53241","TodayConsumed":"94295723"}
2017-09-05T23:30:28.380Z uuid:Insight-1_0-231619K1200E30,WeMo 2,8,0,{"ONSince":"1504647186","OnFor":"19","TodayONTime":"430","TodayConsumed":"2034672"}
2017-09-05T23:30:29.202Z uuid:Insight-1_0-231619K1200D9F,WeMo 3,1,197500,{"ONSince":"1504654225","OnFor":"4","TodayONTime":"6981","TodayConsumed":"30712016"}
2017-09-05T23:30:29.960Z uuid:Insight-1_0-231619K1200E30,WeMo 2,8,0,{"ONSince":"1504647186","OnFor":"19","TodayONTime":"430","TodayConsumed":"2034672"}
2017-09-05T23:30:30.110Z uuid:Insight-1_0-231619K1200D5B,WeMo 1,8,0,{"ONSince":"1504652738","OnFor":"122","TodayONTime":"2538","TodayConsumed":"29057775"}
2017-09-05T23:30:30.691Z uuid:Insight-1_0-231619K1200D9F,WeMo 3,1,174685,{"ONSince":"1504654225","OnFor":"5","TodayONTime":"6982","TodayConsumed":"30712016"}
2017-09-05T23:30:30.840Z uuid:Insight-1_0-231619K1200D9A,WeMo 4,1,1714770,{"ONSince":"1504649284","OnFor":"4947","TodayONTime":"53244","TodayConsumed":"94295723"}
2017-09-05T23:30:31.609Z uuid:Insight-1_0-231619K1200D5B,WeMo 1,8,0,{"ONSince":"1504652738","OnFor":"122","TodayONTime":"2538","TodayConsumed":"29057775"}
2017-09-05T23:30:32.542Z uuid:Insight-1_0-231619K1200E30,WeMo 2,8,0,{"ONSince":"1504647186","OnFor":"19","TodayONTime":"430","TodayConsumed":"2034672"}
2017-09-05T23:30:33.228Z uuid:Insight-1_0-231619K1200D9F,WeMo 3,1,176720,{"ONSince":"1504654225","OnFor":"8","TodayONTime":"6985","TodayConsumed":"30712016"}
2017-09-05T23:30:33.342Z uuid:Insight-1_0-231619K1200D9A,WeMo 4,1,1710465,{"ONSince":"1504649284","OnFor":"4949","TodayONTime":"53246","TodayConsumed":"94295723"}
2017-09-05T23:30:33.919Z uuid:Insight-1_0-231619K1200E30,WeMo 2,8,0,{"ONSince":"1504647186","OnFor":"19","TodayONTime":"430","TodayConsumed":"2034672"}
2017-09-05T23:30:34.122Z uuid:Insight-1_0-231619K1200D5B,WeMo 1,8,0,{"ONSince":"1504652738","OnFor":"122","TodayONTime":"2538","TodayConsumed":"29057775"}
2017-09-05T23:30:34.717Z uuid:Insight-1_0-231619K1200D9F,WeMo 3,1,111280,{"ONSince":"1504654225","OnFor":"9","TodayONTime":"6986","TodayConsumed":"30712016"}
2017-09-05T23:30:35.638Z uuid:Insight-1_0-231619K1200D5B,WeMo 1,8,0,{"ONSince":"1504652738","OnFor":"122","TodayONTime":"2538","TodayConsumed":"29057775"}
2017-09-05T23:30:35.857Z uuid:Insight-1_0-231619K1200D9A,WeMo 4,1,504485,{"ONSince":"1504649284","OnFor":"4952","TodayONTime":"53249","TodayConsumed":"94295723"}
2017-09-05T23:30:36.439Z uuid:Insight-1_0-231619K1200E30,WeMo 2,8,0,{"ONSince":"1504647186","OnFor":"19","TodayONTime":"430","TodayConsumed":"2034672"}
2017-09-05T23:30:37.279Z uuid:Insight-1_0-231619K1200D9F,WeMo 3,1,116990,{"ONSince":"1504654225","OnFor":"12","TodayONTime":"6989","TodayConsumed":"30712016"}
2017-09-05T23:30:37.375Z uuid:Insight-1_0-231619K1200D9A,WeMo 4,1,314375,{"ONSince":"1504649284","OnFor":"4953","TodayONTime":"53250","TodayConsumed":"94295723"}
2017-09-05T23:30:37.943Z uuid:Insight-1_0-231619K1200E30,WeMo 2,8,0,{"ONSince":"1504647186","OnFor":"19","TodayONTime":"430","TodayConsumed":"2034672"}
2017-09-05T23:30:38.141Z uuid:Insight-1_0-231619K1200D5B,WeMo 1,8,0,{"ONSince":"1504652738","OnFor":"122","TodayONTime":"2538","TodayConsumed":"29057775"}
2017-09-05T23:30:38.729Z uuid:Insight-1_0-231619K1200D9F,WeMo 3,1,213410,{"ONSince":"1504654225","OnFor":"13","TodayONTime":"6990","TodayConsumed":"30712016"}
2017-09-05T23:30:39.661Z uuid:Insight-1_0-231619K1200D5B,WeMo 1,8,0,{"ONSince":"1504652738","OnFor":"122","TodayONTime":"2538","TodayConsumed":"29057775"}
2017-09-05T23:30:39.875Z uuid:Insight-1_0-231619K1200D9A,WeMo 4,1,77385,{"ONSince":"1504649284","OnFor":"4956","TodayONTime":"53253","TodayConsumed":"94295723"}
2017-09-05T23:30:40.451Z uuid:Insight-1_0-231619K1200E30,WeMo 2,8,0,{"ONSince":"1504647186","OnFor":"19","TodayONTime":"430","TodayConsumed":"2034672"}
2017-09-05T23:30:41.474Z uuid:Insight-1_0-231619K1200D9F,WeMo 3,1,198160,{"ONSince":"1504654225","OnFor":"16","TodayONTime":"6993","TodayConsumed":"30712016"}
2017-09-05T23:30:41.480Z uuid:Insight-1_0-231619K1200D9A,WeMo 4,1,49085,{"ONSince":"1504649284","OnFor":"4957","TodayONTime":"53254","TodayConsumed":"94295723"}
2017-09-05T23:30:42.050Z uuid:Insight-1_0-231619K1200E30,WeMo 2,8,0,{"ONSince":"1504647186","OnFor":"19","TodayONTime":"430","TodayConsumed":"2034672"}
2017-09-05T23:30:42.166Z uuid:Insight-1_0-231619K1200D5B,WeMo 1,8,0,{"ONSince":"1504652738","OnFor":"122","TodayONTime":"2538","TodayConsumed":"29057775"}
2017-09-05T23:30:42.853Z uuid:Insight-1_0-231619K1200D9F,WeMo 3,1,124630,{"ONSince":"1504654225","OnFor":"17","TodayONTime":"6994","TodayConsumed":"30712016"}
2017-09-05T23:30:43.672Z uuid:Insight-1_0-231619K1200D5B,WeMo 1,8,0,{"ONSince":"1504652738","OnFor":"122","TodayONTime":"2538","TodayConsumed":"29057775"}
2017-09-05T23:30:43.894Z uuid:Insight-1_0-231619K1200D9A,WeMo 4,1,13455,{"ONSince":"1504649284","OnFor":"4960","TodayONTime":"53257","TodayConsumed":"94295723"}
2017-09-05T23:30:44.491Z uuid:Insight-1_0-231619K1200E30,WeMo 2,8,0,{"ONSince":"1504647186","OnFor":"19","TodayONTime":"430","TodayConsumed":"2034672"}
2017-09-05T23:30:45.312Z uuid:Insight-1_0-231619K1200D9F,WeMo 3,1,112430,{"ONSince":"1504654225","OnFor":"20","TodayONTime":"6997","TodayConsumed":"30712016"}
2017-09-05T23:30:45.410Z uuid:Insight-1_0-231619K1200D9A,WeMo 4,1,9355,{"ONSince":"1504649284","OnFor":"4961","TodayONTime":"53258","TodayConsumed":"94295723"}
2017-09-05T23:30:46.029Z uuid:Insight-1_0-231619K1200E30,WeMo 2,8,0,{"ONSince":"1504647186","OnFor":"19","TodayONTime":"430","TodayConsumed":"2034672"}
2017-09-05T23:30:46.185Z uuid:Insight-1_0-231619K1200D5B,WeMo 1,8,0,{"ONSince":"1504652738","OnFor":"122","TodayONTime":"2538","TodayConsumed":"29057775"}
2017-09-05T23:30:47.768Z uuid:Insight-1_0-231619K1200D5B,WeMo 1,8,0,{"ONSince":"1504652738","OnFor":"122","TodayONTime":"2538","TodayConsumed":"29057775"}
2017-09-05T23:30:47.771Z uuid:Insight-1_0-231619K1200D9F,WeMo 3,1,155745,{"ONSince":"1504654225","OnFor":"22","TodayONTime":"6999","TodayConsumed":"30712016"}
2017-09-05T23:30:47.920Z uuid:Insight-1_0-231619K1200D9A,WeMo 4,1,4290,{"ONSince":"1504649284","OnFor":"4964","TodayONTime":"53261","TodayConsumed":"94295723"}
2017-09-05T23:30:48.484Z uuid:Insight-1_0-231619K1200E30,WeMo 2,8,0,{"ONSince":"1504647186","OnFor":"19","TodayONTime":"430","TodayConsumed":"2034672"}
2017-09-05T23:30:49.425Z uuid:Insight-1_0-231619K1200D9A,WeMo 4,1,3680,{"ONSince":"1504649284","OnFor":"4965","TodayONTime":"53262","TodayConsumed":"94295723"}
2017-09-05T23:30:50.025Z uuid:Insight-1_0-231619K1200E30,WeMo 2,8,0,{"ONSince":"1504647186","OnFor":"19","TodayONTime":"430","TodayConsumed":"2034672"}
2017-09-05T23:30:50.218Z uuid:Insight-1_0-231619K1200D5B,WeMo 1,8,0,{"ONSince":"1504652738","OnFor":"122","TodayONTime":"2538","TodayConsumed":"29057775"}
2017-09-05T23:30:50.294Z uuid:Insight-1_0-231619K1200D9F,WeMo 3,1,40380,{"ONSince":"1504654225","OnFor":"25","TodayONTime":"7002","TodayConsumed":"30712016"}
2017-09-05T23:30:51.727Z uuid:Insight-1_0-231619K1200D5B,WeMo 1,8,0,{"ONSince":"1504652738","OnFor":"122","TodayONTime":"2538","TodayConsumed":"29057775"}
2017-09-05T23:30:51.800Z uuid:Insight-1_0-231619K1200D9F,WeMo 3,1,26595,{"ONSince":"1504654225","OnFor":"26","TodayONTime":"7003","TodayConsumed":"30712016"}
2017-09-05T23:30:51.940Z uuid:Insight-1_0-231619K1200D9A,WeMo 4,1,2915,{"ONSince":"1504649284","OnFor":"4968","TodayONTime":"53265","TodayConsumed":"94295723"}
2017-09-05T23:30:52.528Z uuid:Insight-1_0-231619K1200E30,WeMo 2,8,0,{"ONSince":"1504647186","OnFor":"19","TodayONTime":"430","TodayConsumed":"2034672"}
2017-09-05T23:30:53.506Z uuid:Insight-1_0-231619K1200D9A,WeMo 4,1,2830,{"ONSince":"1504649284","OnFor":"4969","TodayONTime":"53266","TodayConsumed":"94295723"}
2017-09-05T23:30:54.017Z uuid:Insight-1_0-231619K1200E30,WeMo 2,8,0,{"ONSince":"1504647186","OnFor":"19","TodayONTime":"430","TodayConsumed":"2034672"}
2017-09-05T23:30:54.234Z uuid:Insight-1_0-231619K1200D5B,WeMo 1,8,0,{"ONSince":"1504652738","OnFor":"122","TodayONTime":"2538","TodayConsumed":"29057775"}
2017-09-05T23:30:54.307Z uuid:Insight-1_0-231619K1200D9F,WeMo 3,1,9425,{"ONSince":"1504654225","OnFor":"29","TodayONTime":"7006","TodayConsumed":"30712016"}
2017-09-05T23:30:55.746Z uuid:Insight-1_0-231619K1200D5B,WeMo 1,8,0,{"ONSince":"1504652738","OnFor":"122","TodayONTime":"2538","TodayConsumed":"29057775"}
2017-09-05T23:30:55.811Z uuid:Insight-1_0-231619K1200D9F,WeMo 3,1,7405,{"ONSince":"1504654225","OnFor":"30","TodayONTime":"7007","TodayConsumed":"30712016"}
2017-09-05T23:30:55.956Z uuid:Insight-1_0-231619K1200D9A,WeMo 4,1,2740,{"ONSince":"1504649284","OnFor":"4972","TodayONTime":"53269","TodayConsumed":"94295723"}
2017-09-05T23:30:56.574Z uuid:Insight-1_0-231619K1200E30,WeMo 2,8,0,{"ONSince":"1504647186","OnFor":"19","TodayONTime":"430","TodayConsumed":"2034672"}
2017-09-05T23:30:57.497Z uuid:Insight-1_0-231619K1200D9A,WeMo 4,1,2730,{"ONSince":"1504649284","OnFor":"4973","TodayONTime":"53270","TodayConsumed":"94295723"}
2017-09-05T23:30:58.032Z uuid:Insight-1_0-231619K1200E30,WeMo 2,8,0,{"ONSince":"1504647186","OnFor":"19","TodayONTime":"430","TodayConsumed":"2034672"}
2017-09-05T23:30:59.258Z uuid:Insight-1_0-231619K1200D5B,WeMo 1,8,0,{"ONSince":"1504652738","OnFor":"122","TodayONTime":"2538","TodayConsumed":"29057775"}
2017-09-05T23:30:59.956Z uuid:Insight-1_0-231619K1200D9F,WeMo 3,8,4540,{"ONSince":"1504654259","OnFor":"32","TodayONTime":"7009","TodayConsumed":"30712016"}
2017-09-05T23:30:59.984Z uuid:Insight-1_0-231619K1200D9A,WeMo 4,1,2685,{"ONSince":"1504649284","OnFor":"4976","TodayONTime":"53273","TodayConsumed":"94295723"}
2017-09-05T23:31:00.470Z uuid:Insight-1_0-231619K1200D9F,WeMo 3,8,4325,{"ONSince":"1504654259","OnFor":"32","TodayONTime":"7009","TodayConsumed":"30712016"}
2017-09-05T23:31:00.540Z uuid:Insight-1_0-231619K1200E30,WeMo 2,8,0,{"ONSince":"1504647186","OnFor":"19","TodayONTime":"430","TodayConsumed":"2034672"}
2017-09-05T23:31:00.770Z uuid:Insight-1_0-231619K1200D5B,WeMo 1,8,0,{"ONSince":"1504652738","OnFor":"122","TodayONTime":"2538","TodayConsumed":"29057775"}
2017-09-05T23:31:01.488Z uuid:Insight-1_0-231619K1200D9A,WeMo 4,1,2670,{"ONSince":"1504649284","OnFor":"4977","TodayONTime":"53274","TodayConsumed":"94295723"}
2017-09-05T23:31:02.064Z uuid:Insight-1_0-231619K1200D9F,WeMo 3,8,4190,{"ONSince":"1504654259","OnFor":"32","TodayONTime":"7009","TodayConsumed":"30777747"}
2017-09-05T23:31:02.101Z uuid:Insight-1_0-231619K1200E30,WeMo 2,8,0,{"ONSince":"1504647186","OnFor":"19","TodayONTime":"430","TodayConsumed":"2034672"}
2017-09-05T23:31:03.332Z uuid:Insight-1_0-231619K1200D5B,WeMo 1,8,0,{"ONSince":"1504652738","OnFor":"122","TodayONTime":"2538","TodayConsumed":"29057775"}
2017-09-05T23:31:04.049Z uuid:Insight-1_0-231619K1200D9A,WeMo 4,1,2730,{"ONSince":"1504649284","OnFor":"4980","TodayONTime":"53277","TodayConsumed":"94295723"}
2017-09-05T23:31:04.439Z uuid:Insight-1_0-231619K1200D9F,WeMo 3,8,4040,{"ONSince":"1504654259","OnFor":"32","TodayONTime":"7009","TodayConsumed":"30777747"}
2017-09-05T23:31:04.562Z uuid:Insight-1_0-231619K1200E30,WeMo 2,8,0,{"ONSince":"1504647186","OnFor":"19","TodayONTime":"430","TodayConsumed":"2034672"}
2017-09-05T23:31:04.788Z uuid:Insight-1_0-231619K1200D5B,WeMo 1,8,0,{"ONSince":"1504652738","OnFor":"122","TodayONTime":"2538","TodayConsumed":"29057775"}
2017-09-05T23:31:05.514Z uuid:Insight-1_0-231619K1200D9A,WeMo 4,1,2735,{"ONSince":"1504649284","OnFor":"4981","TodayONTime":"53278","TodayConsumed":"94295723"}
2017-09-05T23:31:06.000Z uuid:Insight-1_0-231619K1200D9F,WeMo 3,8,4025,{"ONSince":"1504654259","OnFor":"32","TodayONTime":"7009","TodayConsumed":"30777747"}
2017-09-05T23:31:06.082Z uuid:Insight-1_0-231619K1200E30,WeMo 2,8,0,{"ONSince":"1504647186","OnFor":"19","TodayONTime":"430","TodayConsumed":"2034672"}
2017-09-05T23:31:07.327Z uuid:Insight-1_0-231619K1200D5B,WeMo 1,8,0,{"ONSince":"1504652738","OnFor":"122","TodayONTime":"2538","TodayConsumed":"29057775"}
2017-09-05T23:31:08.048Z uuid:Insight-1_0-231619K1200D9A,WeMo 4,1,2730,{"ONSince":"1504649284","OnFor":"4984","TodayONTime":"53281","TodayConsumed":"94295723"}
2017-09-05T23:31:08.456Z uuid:Insight-1_0-231619K1200D9F,WeMo 3,8,4025,{"ONSince":"1504654259","OnFor":"32","TodayONTime":"7009","TodayConsumed":"30777747"}
2017-09-05T23:31:08.579Z uuid:Insight-1_0-231619K1200E30,WeMo 2,8,0,{"ONSince":"1504647186","OnFor":"19","TodayONTime":"430","TodayConsumed":"2034672"}
2017-09-05T23:31:08.819Z uuid:Insight-1_0-231619K1200D5B,WeMo 1,8,0,{"ONSince":"1504652738","OnFor":"122","TodayONTime":"2538","TodayConsumed":"29057775"}
2017-09-05T23:31:09.533Z uuid:Insight-1_0-231619K1200D9A,WeMo 4,1,2725,{"ONSince":"1504649284","OnFor":"4985","TodayONTime":"53282","TodayConsumed":"94295723"}
2017-09-05T23:31:09.996Z uuid:Insight-1_0-231619K1200D9F,WeMo 3,8,4020,{"ONSince":"1504654259","OnFor":"32","TodayONTime":"7009","TodayConsumed":"30777747"}
2017-09-05T23:31:10.094Z uuid:Insight-1_0-231619K1200E30,WeMo 2,8,0,{"ONSince":"1504647186","OnFor":"19","TodayONTime":"430","TodayConsumed":"2034672"}
2017-09-05T23:31:11.359Z uuid:Insight-1_0-231619K1200D5B,WeMo 1,8,0,{"ONSince":"1504652738","OnFor":"122","TodayONTime":"2538","TodayConsumed":"29057775"}
2017-09-05T23:31:12.040Z uuid:Insight-1_0-231619K1200D9A,WeMo 4,1,2690,{"ONSince":"1504649284","OnFor":"4988","TodayONTime":"53285","TodayConsumed":"94295723"}
2017-09-05T23:31:12.539Z uuid:Insight-1_0-231619K1200D9F,WeMo 3,8,4045,{"ONSince":"1504654259","OnFor":"32","TodayONTime":"7009","TodayConsumed":"30777747"}
2017-09-05T23:31:12.854Z uuid:Insight-1_0-231619K1200D5B,WeMo 1,8,0,{"ONSince":"1504652738","OnFor":"122","TodayONTime":"2538","TodayConsumed":"29057775"}
2017-09-05T23:31:13.574Z uuid:Insight-1_0-231619K1200D9A,WeMo 4,1,2700,{"ONSince":"1504649284","OnFor":"4989","TodayONTime":"53286","TodayConsumed":"94295723"}
2017-09-05T23:31:13.623Z uuid:Insight-1_0-231619K1200E30,WeMo 2,8,0,{"ONSince":"1504647186","OnFor":"19","TodayONTime":"430","TodayConsumed":"2034672"}
2017-09-05T23:31:13.983Z uuid:Insight-1_0-231619K1200D9F,WeMo 3,8,4055,{"ONSince":"1504654259","OnFor":"32","TodayONTime":"7009","TodayConsumed":"30777747"}
2017-09-05T23:31:15.241Z uuid:Insight-1_0-231619K1200E30,WeMo 2,8,0,{"ONSince":"1504647186","OnFor":"19","TodayONTime":"430","TodayConsumed":"2034672"}
2017-09-05T23:31:15.361Z uuid:Insight-1_0-231619K1200D5B,WeMo 1,8,0,{"ONSince":"1504652738","OnFor":"122","TodayONTime":"2538","TodayConsumed":"29057775"}
2017-09-05T23:31:16.135Z uuid:Insight-1_0-231619K1200D9A,WeMo 4,1,2725,{"ONSince":"1504649284","OnFor":"4992","TodayONTime":"53289","TodayConsumed":"94295723"}
2017-09-05T23:31:16.459Z uuid:Insight-1_0-231619K1200D9F,WeMo 3,8,4005,{"ONSince":"1504654259","OnFor":"32","TodayONTime":"7009","TodayConsumed":"30777747"}
2017-09-05T23:31:16.951Z uuid:Insight-1_0-231619K1200D5B,WeMo 1,8,0,{"ONSince":"1504652738","OnFor":"122","TodayONTime":"2538","TodayConsumed":"29057775"}
2017-09-05T23:31:17.566Z uuid:Insight-1_0-231619K1200D9A,WeMo 4,1,2735,{"ONSince":"1504649284","OnFor":"4993","TodayONTime":"53290","TodayConsumed":"94295723"}
2017-09-05T23:31:17.624Z uuid:Insight-1_0-231619K1200E30,WeMo 2,8,0,{"ONSince":"1504647186","OnFor":"19","TodayONTime":"430","TodayConsumed":"2034672"}
2017-09-05T23:31:18.014Z uuid:Insight-1_0-231619K1200D9F,WeMo 3,8,3995,{"ONSince":"1504654259","OnFor":"32","TodayONTime":"7009","TodayConsumed":"30777747"}
2017-09-05T23:31:19.208Z uuid:Insight-1_0-231619K1200E30,WeMo 2,8,0,{"ONSince":"1504647186","OnFor":"19","TodayONTime":"430","TodayConsumed":"2034672"}
2017-09-05T23:31:19.364Z uuid:Insight-1_0-231619K1200D5B,WeMo 1,8,0,{"ONSince":"1504652738","OnFor":"122","TodayONTime":"2538","TodayConsumed":"29057775"}
2017-09-05T23:31:20.128Z uuid:Insight-1_0-231619K1200D9A,WeMo 4,1,2695,{"ONSince":"1504649284","OnFor":"4996","TodayONTime":"53293","TodayConsumed":"94754776"}
2017-09-05T23:31:20.536Z uuid:Insight-1_0-231619K1200D9F,WeMo 3,8,4000,{"ONSince":"1504654259","OnFor":"32","TodayONTime":"7009","TodayConsumed":"30777747"}
2017-09-05T23:31:20.949Z uuid:Insight-1_0-231619K1200D5B,WeMo 1,8,0,{"ONSince":"1504652738","OnFor":"122","TodayONTime":"2538","TodayConsumed":"29057775"}
2017-09-05T23:31:21.591Z uuid:Insight-1_0-231619K1200D9A,WeMo 4,1,2710,{"ONSince":"1504649284","OnFor":"4997","TodayONTime":"53294","TodayConsumed":"94754776"}
2017-09-05T23:31:21.650Z uuid:Insight-1_0-231619K1200E30,WeMo 2,8,0,{"ONSince":"1504647186","OnFor":"19","TodayONTime":"430","TodayConsumed":"2034672"}
2017-09-05T23:31:22.090Z uuid:Insight-1_0-231619K1200D9F,WeMo 3,8,4000,{"ONSince":"1504654259","OnFor":"32","TodayONTime":"7009","TodayConsumed":"30777747"}
2017-09-05T23:31:23.204Z uuid:Insight-1_0-231619K1200E30,WeMo 2,8,0,{"ONSince":"1504647186","OnFor":"19","TodayONTime":"430","TodayConsumed":"2034672"}
2017-09-05T23:31:23.389Z uuid:Insight-1_0-231619K1200D5B,WeMo 1,8,0,{"ONSince":"1504652738","OnFor":"122","TodayONTime":"2538","TodayConsumed":"29057775"}
2017-09-05T23:31:24.123Z uuid:Insight-1_0-231619K1200D9A,WeMo 4,1,2705,{"ONSince":"1504649284","OnFor":"5000","TodayONTime":"53297","TodayConsumed":"94754776"}
2017-09-05T23:31:24.496Z uuid:Insight-1_0-231619K1200D9F,WeMo 3,8,4020,{"ONSince":"1504654259","OnFor":"32","TodayONTime":"7009","TodayConsumed":"30777747"}
2017-09-05T23:31:24.896Z uuid:Insight-1_0-231619K1200D5B,WeMo 1,8,0,{"ONSince":"1504652738","OnFor":"122","TodayONTime":"2538","TodayConsumed":"29057775"}
2017-09-05T23:31:25.661Z uuid:Insight-1_0-231619K1200D9A,WeMo 4,1,2720,{"ONSince":"1504649284","OnFor":"5001","TodayONTime":"53298","TodayConsumed":"94754776"}
2017-09-05T23:31:25.664Z uuid:Insight-1_0-231619K1200E30,WeMo 2,8,0,{"ONSince":"1504647186","OnFor":"19","TodayONTime":"430","TodayConsumed":"2034672"}
2017-09-05T23:31:26.063Z uuid:Insight-1_0-231619K1200D9F,WeMo 3,8,4015,{"ONSince":"1504654259","OnFor":"32","TodayONTime":"7009","TodayConsumed":"30777747"}
2017-09-05T23:31:27.194Z uuid:Insight-1_0-231619K1200E30,WeMo 2,8,0,{"ONSince":"1504647186","OnFor":"19","TodayONTime":"430","TodayConsumed":"2034672"}
2017-09-05T23:31:27.411Z uuid:Insight-1_0-231619K1200D5B,WeMo 1,8,0,{"ONSince":"1504652738","OnFor":"122","TodayONTime":"2538","TodayConsumed":"29057775"}
2017-09-05T23:31:28.217Z uuid:Insight-1_0-231619K1200D9A,WeMo 4,1,2740,{"ONSince":"1504649284","OnFor":"5004","TodayONTime":"53301","TodayConsumed":"94754776"}
2017-09-05T23:31:28.629Z uuid:Insight-1_0-231619K1200D9F,WeMo 3,8,4020,{"ONSince":"1504654259","OnFor":"32","TodayONTime":"7009","TodayConsumed":"30777747"}
2017-09-05T23:31:28.936Z uuid:Insight-1_0-231619K1200D5B,WeMo 1,8,0,{"ONSince":"1504652738","OnFor":"122","TodayONTime":"2538","TodayConsumed":"29057775"}
2017-09-05T23:31:29.650Z uuid:Insight-1_0-231619K1200D9A,WeMo 4,1,2735,{"ONSince":"1504649284","OnFor":"5005","TodayONTime":"53302","TodayConsumed":"94754776"}
2017-09-05T23:31:29.690Z uuid:Insight-1_0-231619K1200E30,WeMo 2,8,0,{"ONSince":"1504647186","OnFor":"19","TodayONTime":"430","TodayConsumed":"2034672"}
2017-09-05T23:31:30.062Z uuid:Insight-1_0-231619K1200D9F,WeMo 3,8,4025,{"ONSince":"1504654259","OnFor":"32","TodayONTime":"7009","TodayConsumed":"30777747"}
2017-09-05T23:31:31.294Z uuid:Insight-1_0-231619K1200E30,WeMo 2,8,0,{"ONSince":"1504647186","OnFor":"19","TodayONTime":"430","TodayConsumed":"2034672"}
2017-09-05T23:31:31.458Z uuid:Insight-1_0-231619K1200D5B,WeMo 1,8,0,{"ONSince":"1504652738","OnFor":"122","TodayONTime":"2538","TodayConsumed":"29057775"}
2017-09-05T23:31:31.548Z uuid:Insight-1_0-231619K1200D9F,WeMo 3,8,4020,{"ONSince":"1504654259","OnFor":"32","TodayONTime":"7009","TodayConsumed":"30777747"}
2017-09-05T23:31:32.215Z uuid:Insight-1_0-231619K1200D9A,WeMo 4,1,2710,{"ONSince":"1504649284","OnFor":"5008","TodayONTime":"53305","TodayConsumed":"94754776"}
2017-09-05T23:31:33.029Z uuid:Insight-1_0-231619K1200D5B,WeMo 1,8,0,{"ONSince":"1504652738","OnFor":"122","TodayONTime":"2538","TodayConsumed":"29057775"}
2017-09-05T23:31:33.041Z uuid:Insight-1_0-231619K1200D9F,WeMo 3,8,4025,{"ONSince":"1504654259","OnFor":"32","TodayONTime":"7009","TodayConsumed":"30777747"}
2017-09-05T23:31:33.745Z uuid:Insight-1_0-231619K1200E30,WeMo 2,8,0,{"ONSince":"1504647186","OnFor":"19","TodayONTime":"430","TodayConsumed":"2034672"}
2017-09-05T23:31:34.651Z uuid:Insight-1_0-231619K1200D9A,WeMo 4,1,2705,{"ONSince":"1504649284","OnFor":"5010","TodayONTime":"53307","TodayConsumed":"94754776"}
2017-09-05T23:31:35.286Z uuid:Insight-1_0-231619K1200E30,WeMo 2,8,0,{"ONSince":"1504647186","OnFor":"19","TodayONTime":"430","TodayConsumed":"2034672"}
2017-09-05T23:31:35.452Z uuid:Insight-1_0-231619K1200D5B,WeMo 1,8,0,{"ONSince":"1504652738","OnFor":"122","TodayONTime":"2538","TodayConsumed":"29057775"}
2017-09-05T23:31:35.553Z uuid:Insight-1_0-231619K1200D9F,WeMo 3,8,4030,{"ONSince":"1504654259","OnFor":"32","TodayONTime":"7009","TodayConsumed":"30777747"}
2017-09-05T23:31:37.300Z uuid:Insight-1_0-231619K1200D5B,WeMo 1,8,0,{"ONSince":"1504652738","OnFor":"122","TodayONTime":"2538","TodayConsumed":"29057775"}
2017-09-05T23:31:37.322Z uuid:Insight-1_0-231619K1200D9F,WeMo 3,8,4050,{"ONSince":"1504654259","OnFor":"32","TodayONTime":"7009","TodayConsumed":"30777747"}
2017-09-05T23:31:37.339Z uuid:Insight-1_0-231619K1200D9A,WeMo 4,1,2705,{"ONSince":"1504649284","OnFor":"5013","TodayONTime":"53310","TodayConsumed":"94754776"}
2017-09-05T23:31:37.743Z uuid:Insight-1_0-231619K1200E30,WeMo 2,8,0,{"ONSince":"1504647186","OnFor":"19","TodayONTime":"430","TodayConsumed":"2034672"}
2017-09-05T23:31:38.766Z uuid:Insight-1_0-231619K1200D9A,WeMo 4,1,2700,{"ONSince":"1504649284","OnFor":"5014","TodayONTime":"53311","TodayConsumed":"94754776"}
2017-09-05T23:31:39.278Z uuid:Insight-1_0-231619K1200E30,WeMo 2,8,0,{"ONSince":"1504647186","OnFor":"19","TodayONTime":"430","TodayConsumed":"2034672"}
2017-09-05T23:31:39.471Z uuid:Insight-1_0-231619K1200D5B,WeMo 1,8,0,{"ONSince":"1504652738","OnFor":"122","TodayONTime":"2538","TodayConsumed":"29057775"}
2017-09-05T23:31:39.631Z uuid:Insight-1_0-231619K1200D9F,WeMo 3,8,4025,{"ONSince":"1504654259","OnFor":"32","TodayONTime":"7009","TodayConsumed":"30777747"}
2017-09-05T23:31:40.974Z uuid:Insight-1_0-231619K1200D5B,WeMo 1,8,0,{"ONSince":"1504652738","OnFor":"122","TodayONTime":"2538","TodayConsumed":"29057775"}
2017-09-05T23:31:41.078Z uuid:Insight-1_0-231619K1200D9F,WeMo 3,8,4015,{"ONSince":"1504654259","OnFor":"32","TodayONTime":"7009","TodayConsumed":"30777747"}
2017-09-05T23:31:41.179Z uuid:Insight-1_0-231619K1200D9A,WeMo 4,1,2720,{"ONSince":"1504649284","OnFor":"5017","TodayONTime":"53314","TodayConsumed":"94754776"}
2017-09-05T23:31:42.700Z uuid:Insight-1_0-231619K1200D9A,WeMo 4,1,2710,{"ONSince":"1504649284","OnFor":"5018","TodayONTime":"53315","TodayConsumed":"94754776"}
2017-09-05T23:31:43.270Z uuid:Insight-1_0-231619K1200E30,WeMo 2,8,0,{"ONSince":"1504647186","OnFor":"19","TodayONTime":"430","TodayConsumed":"2034672"}
2017-09-05T23:31:43.487Z uuid:Insight-1_0-231619K1200D5B,WeMo 1,8,0,{"ONSince":"1504652738","OnFor":"122","TodayONTime":"2538","TodayConsumed":"29057775"}
2017-09-05T23:31:43.596Z uuid:Insight-1_0-231619K1200D9F,WeMo 3,8,4025,{"ONSince":"1504654259","OnFor":"32","TodayONTime":"7009","TodayConsumed":"30777747"}
2017-09-05T23:31:45.004Z uuid:Insight-1_0-231619K1200D5B,WeMo 1,8,0,{"ONSince":"1504652738","OnFor":"122","TodayONTime":"2538","TodayConsumed":"29057775"}
2017-09-05T23:31:45.104Z uuid:Insight-1_0-231619K1200D9F,WeMo 3,8,4030,{"ONSince":"1504654259","OnFor":"32","TodayONTime":"7009","TodayConsumed":"30777747"}
2017-09-05T23:31:45.199Z uuid:Insight-1_0-231619K1200D9A,WeMo 4,1,2705,{"ONSince":"1504649284","OnFor":"5021","TodayONTime":"53318","TodayConsumed":"94754776"}
2017-09-05T23:31:45.849Z uuid:Insight-1_0-231619K1200E30,WeMo 2,8,0,{"ONSince":"1504647186","OnFor":"19","TodayONTime":"430","TodayConsumed":"2034672"}
2017-09-05T23:31:46.194Z uuid:Insight-1_0-231619K1200E30,WeMo 2,8,0,{"ONSince":"1504647186","OnFor":"19","TodayONTime":"430","TodayConsumed":"2034672"}
2017-09-05T23:31:46.748Z uuid:Insight-1_0-231619K1200D9A,WeMo 4,1,2695,{"ONSince":"1504649284","OnFor":"5022","TodayONTime":"53319","TodayConsumed":"94754776"}
2017-09-05T23:31:47.368Z uuid:Insight-1_0-231619K1200E30,WeMo 2,8,0,{"ONSince":"1504647186","OnFor":"19","TodayONTime":"430","TodayConsumed":"2034672"}
2017-09-05T23:31:47.527Z uuid:Insight-1_0-231619K1200D5B,WeMo 1,8,0,{"ONSince":"1504652738","OnFor":"122","TodayONTime":"2538","TodayConsumed":"29057775"}
2017-09-05T23:31:47.623Z uuid:Insight-1_0-231619K1200D9F,WeMo 3,8,4035,{"ONSince":"1504654259","OnFor":"32","TodayONTime":"7009","TodayConsumed":"30777747"}
2017-09-05T23:31:49.108Z uuid:Insight-1_0-231619K1200D5B,WeMo 1,8,0,{"ONSince":"1504652738","OnFor":"122","TodayONTime":"2538","TodayConsumed":"29057775"}
2017-09-05T23:31:49.119Z uuid:Insight-1_0-231619K1200D9F,WeMo 3,8,4045,{"ONSince":"1504654259","OnFor":"32","TodayONTime":"7009","TodayConsumed":"30777747"}
2017-09-05T23:31:49.221Z uuid:Insight-1_0-231619K1200D9A,WeMo 4,1,2710,{"ONSince":"1504649284","OnFor":"5025","TodayONTime":"53322","TodayConsumed":"94754776"}
2017-09-05T23:31:49.829Z uuid:Insight-1_0-231619K1200E30,WeMo 2,8,0,{"ONSince":"1504647186","OnFor":"19","TodayONTime":"430","TodayConsumed":"2034672"}
2017-09-05T23:31:50.750Z uuid:Insight-1_0-231619K1200D9A,WeMo 4,1,2690,{"ONSince":"1504649284","OnFor":"5026","TodayONTime":"53323","TodayConsumed":"94754776"}
2017-09-05T23:31:51.375Z uuid:Insight-1_0-231619K1200E30,WeMo 2,8,0,{"ONSince":"1504647186","OnFor":"19","TodayONTime":"430","TodayConsumed":"2034672"}
2017-09-05T23:31:51.529Z uuid:Insight-1_0-231619K1200D5B,WeMo 1,8,0,{"ONSince":"1504652738","OnFor":"122","TodayONTime":"2538","TodayConsumed":"29057775"}
2017-09-05T23:31:51.647Z uuid:Insight-1_0-231619K1200D9F,WeMo 3,8,4015,{"ONSince":"1504654259","OnFor":"32","TodayONTime":"7009","TodayConsumed":"30777747"}
2017-09-05T23:31:53.099Z uuid:Insight-1_0-231619K1200D5B,WeMo 1,8,0,{"ONSince":"1504652738","OnFor":"122","TodayONTime":"2538","TodayConsumed":"29057775"}
2017-09-05T23:31:53.155Z uuid:Insight-1_0-231619K1200D9F,WeMo 3,8,4025,{"ONSince":"1504654259","OnFor":"32","TodayONTime":"7009","TodayConsumed":"30777747"}
2017-09-05T23:31:53.251Z uuid:Insight-1_0-231619K1200D9A,WeMo 4,1,2720,{"ONSince":"1504649284","OnFor":"5029","TodayONTime":"53326","TodayConsumed":"94754776"}
2017-09-05T23:31:53.921Z uuid:Insight-1_0-231619K1200E30,WeMo 2,8,0,{"ONSince":"1504647186","OnFor":"19","TodayONTime":"430","TodayConsumed":"2034672"}
2017-09-05T23:31:54.752Z uuid:Insight-1_0-231619K1200D9A,WeMo 4,1,2730,{"ONSince":"1504649284","OnFor":"5030","TodayONTime":"53327","TodayConsumed":"94754776"}
2017-09-05T23:31:55.356Z uuid:Insight-1_0-231619K1200E30,WeMo 2,8,0,{"ONSince":"1504647186","OnFor":"19","TodayONTime":"430","TodayConsumed":"2034672"}
2017-09-05T23:31:55.556Z uuid:Insight-1_0-231619K1200D5B,WeMo 1,8,0,{"ONSince":"1504652738","OnFor":"122","TodayONTime":"2538","TodayConsumed":"29057775"}
2017-09-05T23:31:55.656Z uuid:Insight-1_0-231619K1200D9F,WeMo 3,8,4035,{"ONSince":"1504654259","OnFor":"32","TodayONTime":"7009","TodayConsumed":"30777747"}
2017-09-05T23:31:56.832Z uuid:Insight-1_0-231619K1200E30,WeMo 2,8,0,{"ONSince":"1504647186","OnFor":"19","TodayONTime":"430","TodayConsumed":"2034672"}
2017-09-05T23:31:57.063Z uuid:Insight-1_0-231619K1200D5B,WeMo 1,8,0,{"ONSince":"1504652738","OnFor":"122","TodayONTime":"2538","TodayConsumed":"29057775"}
2017-09-05T23:31:57.165Z uuid:Insight-1_0-231619K1200D9F,WeMo 3,8,4030,{"ONSince":"1504654259","OnFor":"32","TodayONTime":"7009","TodayConsumed":"30777747"}
2017-09-05T23:31:57.259Z uuid:Insight-1_0-231619K1200D9A,WeMo 4,1,2700,{"ONSince":"1504649284","OnFor":"5033","TodayONTime":"53330","TodayConsumed":"94754776"}
